Log file open, 07/30/17 22:01:38
LogInit:Display: Running engine for game: PCrimson
LogPlatformFile: Not using cached read wrapper
LogInit:Display: RandInit(-267726168) SRandInit(-267726168).
LogTaskGraph: Started task graph with 5 named threads and 6 total threads with 1 sets of task threads.
LogStats: Stats thread started at 0.462988
LogInit: Using libcurl 7.47.1
LogInit:  - built for x86_64-pc-win32
LogInit:  - supports SSL with OpenSSL/1.0.2g
LogInit:  - supports HTTP deflate (compression) using libz 1.2.8
LogInit:  - other features:
LogInit:      CURL_VERSION_SSL
LogInit:      CURL_VERSION_LIBZ
LogInit:      CURL_VERSION_IPV6
LogInit:      CURL_VERSION_ASYNCHDNS
LogInit:      CURL_VERSION_LARGEFILE
LogInit:      CURL_VERSION_IDN
LogInit:  CurlRequestOptions (configurable via config and command line):
LogInit:  - bVerifyPeer = false  - Libcurl will NOT verify peer certificate
LogInit:  - bUseHttpProxy = false  - Libcurl will NOT use HTTP proxy
LogInit:  - bDontReuseConnections = false  - Libcurl will reuse connections
LogInit:  - CertBundlePath = nullptr  - Libcurl will use whatever was configured at build time.
LogInit: Build: ++UE4+Release-4.16-CL-3514769
LogInit: Engine Version: 4.16.2-3514769+++UE4+Release-4.16
LogInit: Compatible Engine Version: 4.16.0-3452394+++UE4+Release-4.16
LogInit: Net CL: 3452394
LogDevObjectVersion: Number of dev versions registered: 16
LogDevObjectVersion:   Dev-Blueprints (B0D832E4-1F89-4F0D-ACCF-7EB736FD4AA2): 9
LogDevObjectVersion:   Dev-Build (E1C64328-A22C-4D53-A36C-8E866417BD8C): 0
LogDevObjectVersion:   Dev-Core (375EC13C-06E4-48FB-B500-84F0262A717E): 2
LogDevObjectVersion:   Dev-Editor (E4B068ED-F494-42E9-A231-DA0B2E46BB41): 17
LogDevObjectVersion:   Dev-Framework (CFFC743F-43B0-4480-9391-14DF171D2073): 23
LogDevObjectVersion:   Dev-Mobile (B02B49B5-BB20-44E9-A304-32B752E40360): 0
LogDevObjectVersion:   Dev-Networking (A4E4105C-59A1-49B5-A7C5-40C4547EDFEE): 0
LogDevObjectVersion:   Dev-Online (39C831C9-5AE6-47DC-9A44-9C173E1C8E7C): 0
LogDevObjectVersion:   Dev-Physics (78F01B33-EBEA-4F98-B9B4-84EACCB95AA2): 0
LogDevObjectVersion:   Dev-Platform (6631380F-2D4D-43E0-8009-CF276956A95A): 0
LogDevObjectVersion:   Dev-Rendering (12F88B9F-8875-4AFC-A67C-D90C383ABD29): 15
LogDevObjectVersion:   Dev-Sequencer (7B5AE74C-D270-4C10-A958-57980B212A5A): 4
LogDevObjectVersion:   Dev-VR (D7296918-1DD6-4BDD-9DE2-64A83CC13884): 0
LogDevObjectVersion:   Dev-LoadTimes (C2A15278-BFE7-4AFE-6C17-90FF531DF755): 1
LogDevObjectVersion:   Private-Geometry (6EACA3D4-40EC-4CC1-B786-8BED09428FC5): 1
LogDevObjectVersion:   Dev-AnimPhys (29E575DD-E0A3-4627-9D10-D276232CDCEA): 3
LogInit: Compiled (64-bit): Jun 29 2017 02:03:24
LogInit: Compiled with Visual C++: 19.00.24215.01
LogInit: Build Configuration: Development
LogInit: Branch Name: ++UE4+Release-4.16
LogInit: Command line: -EpicPortal 
LogInit: Base directory: C:/Program Files/Epic Games/UE_4.16/Engine/Binaries/Win64/
LogInit: Installed Engine Build: 1
LogInit: Presizing for max 8388607 objects, including 0 objects not considered by GC, pre-allocating 0 bytes for permanent pool.
LogInit: Object subsystem initialized
[2017.07.30-20.01.42:001][  0]LogInit: Selected Device Profile: [Windows]
[2017.07.30-20.01.42:001][  0]LogInit: Applying CVar settings loaded from the selected device profile: [Windows]
[2017.07.30-20.01.42:211][  0]LogInit: Computer: DESKTOP-P0QTPE8
[2017.07.30-20.01.42:211][  0]LogInit: User: KatjaP
[2017.07.30-20.01.42:211][  0]LogInit: CPU Page size=4096, Cores=2
[2017.07.30-20.01.42:211][  0]LogInit: High frequency timer resolution =2.241002 MHz
[2017.07.30-20.01.42:212][  0]LogMemory: Memory total: Physical=3.9GB (4GB approx)
[2017.07.30-20.01.42:212][  0]LogMemory: Platform Memory Stats for Windows
[2017.07.30-20.01.42:212][  0]LogMemory: Process Physical Memory: 271.79 MB used, 271.79 MB peak
[2017.07.30-20.01.42:212][  0]LogMemory: Process Virtual Memory: 258.66 MB used, 258.66 MB peak
[2017.07.30-20.01.42:212][  0]LogMemory: Physical Memory: 3112.95 MB used,  872.86 MB free, 3985.80 MB total
[2017.07.30-20.01.42:212][  0]LogMemory: Virtual Memory: 619.99 MB used,  872.86 MB free, 134217728.00 MB total
[2017.07.30-20.01.43:372][  0]LogInit: Using OS detected language (sl-SI).
[2017.07.30-20.01.43:372][  0]LogInit: Using OS detected locale (sl-SI).
[2017.07.30-20.01.43:874][  0]LogTextLocalizationManager: No localization for 'sl-SI' exists, so 'en' will be used for the language.
[2017.07.30-20.01.43:876][  0]LogTextLocalizationManager: No localization for 'sl-SI' exists, so 'en' will be used for the locale.
[2017.07.30-20.01.57:655][  0]LogD3D11RHI: D3D11 adapters:
[2017.07.30-20.01.57:694][  0]LogD3D11RHI:    0. 'Intel(R) HD Graphics 3000' (Feature Level 10_0)
[2017.07.30-20.01.57:694][  0]LogD3D11RHI:       32/0/1632 MB DedicatedVideo/DedicatedSystem/SharedSystem, Outputs:1, VendorId:0x8086
[2017.07.30-20.01.57:949][  0]LogD3D11RHI:    1. 'Microsoft Basic Render Driver' (Feature Level 11_0)
[2017.07.30-20.01.57:949][  0]LogD3D11RHI:       0/0/1992 MB DedicatedVideo/DedicatedSystem/SharedSystem, Outputs:0, VendorId:0x1414
[2017.07.30-20.01.57:949][  0]LogD3D11RHI: Chosen D3D11 Adapter: 0
[2017.07.30-20.01.57:987][  0]LogD3D11RHI: Creating new Direct3DDevice
[2017.07.30-20.01.57:987][  0]LogD3D11RHI:     GPU DeviceId: 0x116 (for the marketing name, search the web for "GPU Device Id")
[2017.07.30-20.01.57:987][  0]LogWindows: EnumDisplayDevices:
[2017.07.30-20.01.57:987][  0]LogWindows:    0. 'Intel(R) HD Graphics 3000' (P:1 D:1)
[2017.07.30-20.01.57:988][  0]LogWindows:    1. 'Intel(R) HD Graphics 3000' (P:0 D:0)
[2017.07.30-20.01.57:988][  0]LogWindows: DebugString: FoundDriverCount:2 
[2017.07.30-20.01.57:988][  0]LogD3D11RHI:     Adapter Name: Intel(R) HD Graphics 3000
[2017.07.30-20.01.57:988][  0]LogD3D11RHI:   Driver Version: 9.17.10.4459 (internal:9.17.10.4459, unified:9.17.10.4459)
[2017.07.30-20.01.57:988][  0]LogD3D11RHI:      Driver Date: 5-19-2016
[2017.07.30-20.01.57:988][  0]LogRHI: Texture pool is 593 MB (70% of 848 MB)
[2017.07.30-20.01.57:991][  0]LogD3D11RHI: Async texture creation enabled
[2017.07.30-20.01.58:015][  0]LogD3D11RHI: GPU Timing Frequency: 12.500000 (Debug: 2 1)
[2017.07.30-20.01.58:017][  0]LogShaderCompilers: Guid format shader working directory is -24 characters bigger than the processId version (../../../../../../Users/KatjaP/Documents/GitHub/ProjectCrimson/PCrimson/Intermediate/Shaders/WorkingDirectory/9980/).
[2017.07.30-20.01.58:017][  0]LogShaderCompilers: Cleaned the shader compiler working directory 'C:/Users/KatjaP/AppData/Local/Temp/UnrealShaderWorkingDir/0CEE5575443425F552A1D08D72B2AC2B/'.
[2017.07.30-20.01.58:017][  0]LogShaderCompilers:Display: Using Local Shader Compiler.
[2017.07.30-20.02.10:299][  0]LogTemp:Display: Loaded TP AllDesktopTargetPlatform
[2017.07.30-20.02.10:516][  0]LogTemp:Display: Loaded TP MacClientTargetPlatform
[2017.07.30-20.02.10:774][  0]LogTemp:Display: Loaded TP MacNoEditorTargetPlatform
[2017.07.30-20.02.10:990][  0]LogTemp:Display: Loaded TP MacServerTargetPlatform
[2017.07.30-20.02.11:300][  0]LogTemp:Display: Loaded TP MacTargetPlatform
[2017.07.30-20.02.11:546][  0]LogTemp:Display: Loaded TP WindowsClientTargetPlatform
[2017.07.30-20.02.11:764][  0]LogTemp:Display: Loaded TP WindowsNoEditorTargetPlatform
[2017.07.30-20.02.11:987][  0]LogTemp:Display: Loaded TP WindowsServerTargetPlatform
[2017.07.30-20.02.12:239][  0]LogTemp:Display: Loaded TP WindowsTargetPlatform
[2017.07.30-20.02.12:580][  0]LogTemp:Display: Loaded TP AndroidTargetPlatform
[2017.07.30-20.02.12:851][  0]LogTemp:Display: Loaded TP Android_ASTCTargetPlatform
[2017.07.30-20.02.13:081][  0]LogTemp:Display: Loaded TP Android_ATCTargetPlatform
[2017.07.30-20.02.13:357][  0]LogTemp:Display: Loaded TP Android_DXTTargetPlatform
[2017.07.30-20.02.13:626][  0]LogTemp:Display: Loaded TP Android_ETC1TargetPlatform
[2017.07.30-20.02.13:875][  0]LogTemp:Display: Loaded TP Android_ETC2TargetPlatform
[2017.07.30-20.02.14:368][  0]LogTemp:Display: Loaded TP Android_MultiTargetPlatform
[2017.07.30-20.02.14:368][  0]LogTemp:Display: Loaded TP Android_PVRTCTargetPlatform
[2017.07.30-20.02.14:665][  0]LogTemp:Display: Loaded TP HTML5TargetPlatform
[2017.07.30-20.02.15:133][  0]LogTemp:Display: Loaded TP IOSTargetPlatform
[2017.07.30-20.02.15:245][  0]LogTemp:Display: Loaded TP TVOSTargetPlatform
[2017.07.30-20.02.15:493][  0]LogTemp:Display: Loaded TP LinuxClientTargetPlatform
[2017.07.30-20.02.15:765][  0]LogTemp:Display: Loaded TP LinuxNoEditorTargetPlatform
[2017.07.30-20.02.16:029][  0]LogTemp:Display: Loaded TP LinuxServerTargetPlatform
[2017.07.30-20.02.16:384][  0]LogTemp:Display: Loaded TP LinuxTargetPlatform
[2017.07.30-20.02.16:384][  0]LogTargetPlatformManager:Display: Building Assets For Windows
[2017.07.30-20.02.20:185][  0]LogDerivedDataCache:Display: Max Cache Size: 512 MB
[2017.07.30-20.02.23:394][  0]LogDerivedDataCache: Loaded boot cache 3.21s 87MB C:/Users/KatjaP/AppData/Local/UnrealEngine/4.16/DerivedDataCache/Boot.ddc.
[2017.07.30-20.02.23:394][  0]LogDerivedDataCache:Display: Loaded Boot cache: C:/Users/KatjaP/AppData/Local/UnrealEngine/4.16/DerivedDataCache/Boot.ddc
[2017.07.30-20.02.23:394][  0]LogDerivedDataCache: FDerivedDataBackendGraph:  Pak pak cache file ../../../../../../Users/KatjaP/Documents/GitHub/ProjectCrimson/PCrimson/DerivedDataCache/DDC.ddp not found, will not use a pak cache.
[2017.07.30-20.02.23:394][  0]LogDerivedDataCache: Unable to find inner node Pak for hierarchical cache Hierarchy.
[2017.07.30-20.02.23:394][  0]LogDerivedDataCache: FDerivedDataBackendGraph:  CompressedPak pak cache file ../../../../../../Users/KatjaP/Documents/GitHub/ProjectCrimson/PCrimson/DerivedDataCache/Compressed.ddp not found, will not use a pak cache.
[2017.07.30-20.02.23:394][  0]LogDerivedDataCache: Unable to find inner node CompressedPak for hierarchical cache Hierarchy.
[2017.07.30-20.02.23:502][  0]LogDerivedDataCache:Display: Pak cache opened for reading ../../../Engine/DerivedDataCache/Compressed.ddp.
[2017.07.30-20.02.23:516][  0]LogDerivedDataCache: Using Local data cache path C:/Users/KatjaP/AppData/Local/UnrealEngine/Common/DerivedDataCache: Writable
[2017.07.30-20.02.23:529][  0]LogMaterial: Verifying Global Shaders for PCD3D_SM4
[2017.07.30-20.02.23:530][  0]LogSlate: Using Freetype 2.6.0
[2017.07.30-20.02.23:587][  0]LogSlate: SlateFontCache - WITH_FREETYPE: 1, WITH_HARFBUZZ: 1
[2017.07.30-20.02.23:587][  0]LogSlate: SlateFontCache - WITH_FREETYPE: 1, WITH_HARFBUZZ: 1
[2017.07.30-20.02.33:439][  0]LogInit: Selected Device Profile: [Windows]
[2017.07.30-20.02.33:692][  0]LogContentStreaming: Texture pool size is 0.00 MB
[2017.07.30-20.02.34:484][  0]LogMeshUtilities: Using QuadricMeshReduction for automatic static mesh reduction
[2017.07.30-20.02.34:897][  0]LogSimplygon: Simplygon DLL not present - disabling.
[2017.07.30-20.02.35:199][  0]LogMeshUtilities: Using SimplygonSwarm for distributed automatic mesh merging
[2017.07.30-20.02.35:199][  0]LogMeshUtilities: No automatic skeletal mesh reduction module available
[2017.07.30-20.02.35:199][  0]LogMeshUtilities: No automatic mesh merging module available
[2017.07.30-20.02.37:584][  0]LogNetVersion: PCrimson , NetCL: 3452394, EngineNetVer: 2, GameNetVer: 0 (Checksum: 3016406921)
[2017.07.30-20.02.37:777][  0]LogAssetRegistry: FAssetRegistry took 0.0340 seconds to start up
[2017.07.30-20.02.37:947][  0]LogPackageLocalizationCache: Processed 4 localized package path(s) for 1 prioritized culture(s) in 0.071875 seconds
[2017.07.30-20.02.37:959][  0]LogUObjectArray: 34194 objects as part of root set at end of initial load.
[2017.07.30-20.02.37:959][  0]LogUObjectAllocator: 7260424 out of 0 bytes used by permanent object pool.
[2017.07.30-20.02.37:959][  0]LogUObjectArray: CloseDisregardForGC: 0/0 objects in disregard for GC pool
[2017.07.30-20.02.38:245][  0]LogInit: WinSock: version 1.1 (2.2), MaxSocks=32767, MaxUdp=65467
[2017.07.30-20.03.58:686][  0]LogTcpMessaging: Initializing TcpMessaging bridge
[2017.07.30-20.03.58:967][  0]LogUdpMessaging: Initializing bridge on interface 0.0.0.0:0 to multicast group 230.0.0.1:6666.
[2017.07.30-20.04.02:471][  0]LogMaterial: Uniform references updated for custom material expression Custom.
[2017.07.30-20.04.04:979][  0]SourceControl: Info Source control is disabled
[2017.07.30-20.04.05:406][  0]SourceControl: Info Source control is disabled
[2017.07.30-20.04.05:815][  0]SourceControl: Info Source control is disabled
[2017.07.30-20.04.06:127][  0]SourceControl: Info Source control is disabled
[2017.07.30-20.04.10:494][  0]LogAndroidPermission: UAndroidPermissionCallbackProxy::GetInstance
[2017.07.30-20.04.13:944][  0]LogEngine: Initializing Engine...
[2017.07.30-20.04.13:977][  0]LogHMD: Failed to initialize OpenVR with code 110
[2017.07.30-20.04.15:098][  0]LogStats: UGameplayTagsManager::ConstructGameplayTagTree: Construct from data asset -  0.000 s
[2017.07.30-20.04.15:098][  0]LogStats: UGameplayTagsManager::ConstructGameplayTagTree: GameplayTagTreeChangedEvent.Broadcast -  0.000 s
[2017.07.30-20.04.15:825][  0]LogAIModule: Creating AISystem for world Untitled
[2017.07.30-20.04.15:872][  0]LogInit: XAudio2 using 'Speakers (Prestigio)' : 2 channels at 48 kHz using 16 bits per sample (channel mask 0x3)
[2017.07.30-20.04.15:910][  0]LogInit: FAudioDevice initialized.
[2017.07.30-20.04.16:110][  0]LogDerivedDataCache: Saved boot cache 0.20s 87MB C:/Users/KatjaP/AppData/Local/UnrealEngine/4.16/DerivedDataCache/Boot.ddc.
[2017.07.30-20.04.16:163][  0]LogInit: Texture streaming: Enabled
[2017.07.30-20.04.17:131][  0]LogEngineSessionManager: EngineSessionManager initialized
[2017.07.30-20.04.19:071][  0]LogInit: Transaction tracking system initialized
[2017.07.30-20.04.20:964][  0]BlueprintLog: New page: Editor Load
[2017.07.30-20.04.27:079][  0]LocalizationService: Info Localization service is disabled
[2017.07.30-20.04.30:998][  0]LogConsoleResponse:Display: 
[2017.07.30-20.04.33:753][  0]LogFileCache: Scanning file cache for directory 'C:/Users/KatjaP/Documents/GitHub/ProjectCrimson/PCrimson/Content/' took 0.01s
[2017.07.30-20.04.33:753][  0]LogCook:Display: Max memory allowance for cook 16384mb min free memory 0mb
[2017.07.30-20.04.33:753][  0]LogCook:Display: Mobile HDR setting 1
[2017.07.30-20.04.41:511][  0]SourceControl: Info Source control is disabled
[2017.07.30-20.04.41:690][  0]LogFactory: FactoryCreateFile: PackFactory with PackFactory (0 0 C:/Program Files/Epic Games/UE_4.16/FeaturePacks/StarterContent.upack)
[2017.07.30-20.04.41:879][  0]LogPackFactory: Finished extracting 8 files (including 0 errors).
[2017.07.30-20.04.41:929][  0]LogPackFactory: Copied "../../../Samples/StarterContent/Content/StarterContent/Architecture/Floor_400x400.uasset" to "../../../../../../Users/KatjaP/Documents/GitHub/ProjectCrimson/PCrimson/Content/StarterContent/Architecture/Floor_400x400.uasset"
[2017.07.30-20.04.41:948][  0]LogPackFactory: Copied "../../../Samples/StarterContent/Content/StarterContent/Architecture/Pillar_50x500.uasset" to "../../../../../../Users/KatjaP/Documents/GitHub/ProjectCrimson/PCrimson/Content/StarterContent/Architecture/Pillar_50x500.uasset"
[2017.07.30-20.04.41:969][  0]LogPackFactory: Copied "../../../Samples/StarterContent/Content/StarterContent/Architecture/SM_AssetPlatform.uasset" to "../../../../../../Users/KatjaP/Documents/GitHub/ProjectCrimson/PCrimson/Content/StarterContent/Architecture/SM_AssetPlatform.uasset"
[2017.07.30-20.04.42:007][  0]LogPackFactory: Copied "../../../Samples/StarterContent/Content/StarterContent/Architecture/Wall_400x200.uasset" to "../../../../../../Users/KatjaP/Documents/GitHub/ProjectCrimson/PCrimson/Content/StarterContent/Architecture/Wall_400x200.uasset"
[2017.07.30-20.04.42:016][  0]LogPackFactory: Copied "../../../Samples/StarterContent/Content/StarterContent/Architecture/Wall_400x300.uasset" to "../../../../../../Users/KatjaP/Documents/GitHub/ProjectCrimson/PCrimson/Content/StarterContent/Architecture/Wall_400x300.uasset"
[2017.07.30-20.04.42:025][  0]LogPackFactory: Copied "../../../Samples/StarterContent/Content/StarterContent/Architecture/Wall_400x400.uasset" to "../../../../../../Users/KatjaP/Documents/GitHub/ProjectCrimson/PCrimson/Content/StarterContent/Architecture/Wall_400x400.uasset"
[2017.07.30-20.04.42:041][  0]LogPackFactory: Copied "../../../Samples/StarterContent/Content/StarterContent/Architecture/Wall_500x500.uasset" to "../../../../../../Users/KatjaP/Documents/GitHub/ProjectCrimson/PCrimson/Content/StarterContent/Architecture/Wall_500x500.uasset"
[2017.07.30-20.04.42:076][  0]LogPackFactory: Copied "../../../Samples/StarterContent/Content/StarterContent/Architecture/Wall_Door_400x300.uasset" to "../../../../../../Users/KatjaP/Documents/GitHub/ProjectCrimson/PCrimson/Content/StarterContent/Architecture/Wall_Door_400x300.uasset"
[2017.07.30-20.04.42:108][  0]LogPackFactory: Copied "../../../Samples/StarterContent/Content/StarterContent/Architecture/Wall_Door_400x400.uasset" to "../../../../../../Users/KatjaP/Documents/GitHub/ProjectCrimson/PCrimson/Content/StarterContent/Architecture/Wall_Door_400x400.uasset"
[2017.07.30-20.04.42:117][  0]LogPackFactory: Copied "../../../Samples/StarterContent/Content/StarterContent/Architecture/Wall_Window_400x300.uasset" to "../../../../../../Users/KatjaP/Documents/GitHub/ProjectCrimson/PCrimson/Content/StarterContent/Architecture/Wall_Window_400x300.uasset"
[2017.07.30-20.04.42:128][  0]LogPackFactory: Copied "../../../Samples/StarterContent/Content/StarterContent/Architecture/Wall_Window_400x400.uasset" to "../../../../../../Users/KatjaP/Documents/GitHub/ProjectCrimson/PCrimson/Content/StarterContent/Architecture/Wall_Window_400x400.uasset"
[2017.07.30-20.04.42:148][  0]LogPackFactory: Copied "../../../Samples/StarterContent/Content/StarterContent/Audio/Collapse01.uasset" to "../../../../../../Users/KatjaP/Documents/GitHub/ProjectCrimson/PCrimson/Content/StarterContent/Audio/Collapse01.uasset"
[2017.07.30-20.04.42:170][  0]LogPackFactory: Copied "../../../Samples/StarterContent/Content/StarterContent/Audio/Collapse02.uasset" to "../../../../../../Users/KatjaP/Documents/GitHub/ProjectCrimson/PCrimson/Content/StarterContent/Audio/Collapse02.uasset"
[2017.07.30-20.04.42:180][  0]LogPackFactory: Copied "../../../Samples/StarterContent/Content/StarterContent/Audio/Collapse_Cue.uasset" to "../../../../../../Users/KatjaP/Documents/GitHub/ProjectCrimson/PCrimson/Content/StarterContent/Audio/Collapse_Cue.uasset"
[2017.07.30-20.04.42:212][  0]LogPackFactory: Copied "../../../Samples/StarterContent/Content/StarterContent/Audio/Explosion01.uasset" to "../../../../../../Users/KatjaP/Documents/GitHub/ProjectCrimson/PCrimson/Content/StarterContent/Audio/Explosion01.uasset"
[2017.07.30-20.04.42:248][  0]LogPackFactory: Copied "../../../Samples/StarterContent/Content/StarterContent/Audio/Explosion02.uasset" to "../../../../../../Users/KatjaP/Documents/GitHub/ProjectCrimson/PCrimson/Content/StarterContent/Audio/Explosion02.uasset"
[2017.07.30-20.04.42:251][  0]LogPackFactory: Copied "../../../Samples/StarterContent/Content/StarterContent/Audio/Explosion_Cue.uasset" to "../../../../../../Users/KatjaP/Documents/GitHub/ProjectCrimson/PCrimson/Content/StarterContent/Audio/Explosion_Cue.uasset"
[2017.07.30-20.04.42:288][  0]LogPackFactory: Copied "../../../Samples/StarterContent/Content/StarterContent/Audio/Fire01.uasset" to "../../../../../../Users/KatjaP/Documents/GitHub/ProjectCrimson/PCrimson/Content/StarterContent/Audio/Fire01.uasset"
[2017.07.30-20.04.42:303][  0]LogPackFactory: Copied "../../../Samples/StarterContent/Content/StarterContent/Audio/Fire01_Cue.uasset" to "../../../../../../Users/KatjaP/Documents/GitHub/ProjectCrimson/PCrimson/Content/StarterContent/Audio/Fire01_Cue.uasset"
[2017.07.30-20.04.42:338][  0]LogPackFactory: Copied "../../../Samples/StarterContent/Content/StarterContent/Audio/Fire_Sparks01.uasset" to "../../../../../../Users/KatjaP/Documents/GitHub/ProjectCrimson/PCrimson/Content/StarterContent/Audio/Fire_Sparks01.uasset"
[2017.07.30-20.04.42:340][  0]LogPackFactory: Copied "../../../Samples/StarterContent/Content/StarterContent/Audio/Fire_Sparks01_Cue.uasset" to "../../../../../../Users/KatjaP/Documents/GitHub/ProjectCrimson/PCrimson/Content/StarterContent/Audio/Fire_Sparks01_Cue.uasset"
[2017.07.30-20.04.42:365][  0]LogPackFactory: Copied "../../../Samples/StarterContent/Content/StarterContent/Audio/Light01.uasset" to "../../../../../../Users/KatjaP/Documents/GitHub/ProjectCrimson/PCrimson/Content/StarterContent/Audio/Light01.uasset"
[2017.07.30-20.04.42:399][  0]LogPackFactory: Copied "../../../Samples/StarterContent/Content/StarterContent/Audio/Light01_Cue.uasset" to "../../../../../../Users/KatjaP/Documents/GitHub/ProjectCrimson/PCrimson/Content/StarterContent/Audio/Light01_Cue.uasset"
[2017.07.30-20.04.42:477][  0]LogPackFactory: Copied "../../../Samples/StarterContent/Content/StarterContent/Audio/Light02.uasset" to "../../../../../../Users/KatjaP/Documents/GitHub/ProjectCrimson/PCrimson/Content/StarterContent/Audio/Light02.uasset"
[2017.07.30-20.04.42:495][  0]LogPackFactory: Copied "../../../Samples/StarterContent/Content/StarterContent/Audio/Light02_Cue.uasset" to "../../../../../../Users/KatjaP/Documents/GitHub/ProjectCrimson/PCrimson/Content/StarterContent/Audio/Light02_Cue.uasset"
[2017.07.30-20.04.42:561][  0]LogPackFactory: Copied "../../../Samples/StarterContent/Content/StarterContent/Audio/Smoke01.uasset" to "../../../../../../Users/KatjaP/Documents/GitHub/ProjectCrimson/PCrimson/Content/StarterContent/Audio/Smoke01.uasset"
[2017.07.30-20.04.42:563][  0]LogPackFactory: Copied "../../../Samples/StarterContent/Content/StarterContent/Audio/Smoke01_Cue.uasset" to "../../../../../../Users/KatjaP/Documents/GitHub/ProjectCrimson/PCrimson/Content/StarterContent/Audio/Smoke01_Cue.uasset"
[2017.07.30-20.04.42:566][  0]LogPackFactory: Copied "../../../Samples/StarterContent/Content/StarterContent/Audio/Starter_Background_Cue.uasset" to "../../../../../../Users/KatjaP/Documents/GitHub/ProjectCrimson/PCrimson/Content/StarterContent/Audio/Starter_Background_Cue.uasset"
[2017.07.30-20.04.42:620][  0]LogPackFactory: Copied "../../../Samples/StarterContent/Content/StarterContent/Audio/Starter_Birds01.uasset" to "../../../../../../Users/KatjaP/Documents/GitHub/ProjectCrimson/PCrimson/Content/StarterContent/Audio/Starter_Birds01.uasset"
[2017.07.30-20.04.42:779][  0]LogPackFactory: Copied "../../../Samples/StarterContent/Content/StarterContent/Audio/Starter_Music01.uasset" to "../../../../../../Users/KatjaP/Documents/GitHub/ProjectCrimson/PCrimson/Content/StarterContent/Audio/Starter_Music01.uasset"
[2017.07.30-20.04.42:810][  0]LogPackFactory: Copied "../../../Samples/StarterContent/Content/StarterContent/Audio/Starter_Music_Cue.uasset" to "../../../../../../Users/KatjaP/Documents/GitHub/ProjectCrimson/PCrimson/Content/StarterContent/Audio/Starter_Music_Cue.uasset"
[2017.07.30-20.04.42:883][  0]LogPackFactory: Copied "../../../Samples/StarterContent/Content/StarterContent/Audio/Starter_Wind05.uasset" to "../../../../../../Users/KatjaP/Documents/GitHub/ProjectCrimson/PCrimson/Content/StarterContent/Audio/Starter_Wind05.uasset"
[2017.07.30-20.04.42:917][  0]LogPackFactory: Copied "../../../Samples/StarterContent/Content/StarterContent/Audio/Starter_Wind06.uasset" to "../../../../../../Users/KatjaP/Documents/GitHub/ProjectCrimson/PCrimson/Content/StarterContent/Audio/Starter_Wind06.uasset"
[2017.07.30-20.04.42:979][  0]LogPackFactory: Copied "../../../Samples/StarterContent/Content/StarterContent/Audio/Steam01.uasset" to "../../../../../../Users/KatjaP/Documents/GitHub/ProjectCrimson/PCrimson/Content/StarterContent/Audio/Steam01.uasset"
[2017.07.30-20.04.43:010][  0]LogPackFactory: Copied "../../../Samples/StarterContent/Content/StarterContent/Audio/Steam01_Cue.uasset" to "../../../../../../Users/KatjaP/Documents/GitHub/ProjectCrimson/PCrimson/Content/StarterContent/Audio/Steam01_Cue.uasset"
[2017.07.30-20.04.43:045][  0]LogPackFactory: Copied "../../../Samples/StarterContent/Content/StarterContent/Blueprints/Blueprint_CeilingLight.uasset" to "../../../../../../Users/KatjaP/Documents/GitHub/ProjectCrimson/PCrimson/Content/StarterContent/Blueprints/Blueprint_CeilingLight.uasset"
[2017.07.30-20.04.43:060][  0]LogPackFactory: Copied "../../../Samples/StarterContent/Content/StarterContent/Blueprints/Blueprint_Effect_Explosion.uasset" to "../../../../../../Users/KatjaP/Documents/GitHub/ProjectCrimson/PCrimson/Content/StarterContent/Blueprints/Blueprint_Effect_Explosion.uasset"
[2017.07.30-20.04.43:079][  0]LogPackFactory: Copied "../../../Samples/StarterContent/Content/StarterContent/Blueprints/Blueprint_Effect_Fire.uasset" to "../../../../../../Users/KatjaP/Documents/GitHub/ProjectCrimson/PCrimson/Content/StarterContent/Blueprints/Blueprint_Effect_Fire.uasset"
[2017.07.30-20.04.43:085][  0]LogPackFactory: Copied "../../../Samples/StarterContent/Content/StarterContent/Blueprints/Blueprint_Effect_Smoke.uasset" to "../../../../../../Users/KatjaP/Documents/GitHub/ProjectCrimson/PCrimson/Content/StarterContent/Blueprints/Blueprint_Effect_Smoke.uasset"
[2017.07.30-20.04.43:111][  0]LogPackFactory: Copied "../../../Samples/StarterContent/Content/StarterContent/Blueprints/Blueprint_Effect_Sparks.uasset" to "../../../../../../Users/KatjaP/Documents/GitHub/ProjectCrimson/PCrimson/Content/StarterContent/Blueprints/Blueprint_Effect_Sparks.uasset"
[2017.07.30-20.04.43:126][  0]LogPackFactory: Copied "../../../Samples/StarterContent/Content/StarterContent/Blueprints/Blueprint_Effect_Steam.uasset" to "../../../../../../Users/KatjaP/Documents/GitHub/ProjectCrimson/PCrimson/Content/StarterContent/Blueprints/Blueprint_Effect_Steam.uasset"
[2017.07.30-20.04.43:140][  0]LogPackFactory: Copied "../../../Samples/StarterContent/Content/StarterContent/Blueprints/Blueprint_WallSconce.uasset" to "../../../../../../Users/KatjaP/Documents/GitHub/ProjectCrimson/PCrimson/Content/StarterContent/Blueprints/Blueprint_WallSconce.uasset"
[2017.07.30-20.04.43:165][  0]LogPackFactory: Copied "../../../Samples/StarterContent/Content/StarterContent/Blueprints/BP_LightStudio.uasset" to "../../../../../../Users/KatjaP/Documents/GitHub/ProjectCrimson/PCrimson/Content/StarterContent/Blueprints/BP_LightStudio.uasset"
[2017.07.30-20.04.43:203][  0]LogPackFactory: Copied "../../../Samples/StarterContent/Content/StarterContent/Blueprints/Assets/FogBrightnessLUT.uasset" to "../../../../../../Users/KatjaP/Documents/GitHub/ProjectCrimson/PCrimson/Content/StarterContent/Blueprints/Assets/FogBrightnessLUT.uasset"
[2017.07.30-20.04.43:233][  0]LogPackFactory: Copied "../../../Samples/StarterContent/Content/StarterContent/Blueprints/Assets/M_LightStage_Arrows.uasset" to "../../../../../../Users/KatjaP/Documents/GitHub/ProjectCrimson/PCrimson/Content/StarterContent/Blueprints/Assets/M_LightStage_Arrows.uasset"
[2017.07.30-20.04.43:252][  0]LogPackFactory: Copied "../../../Samples/StarterContent/Content/StarterContent/Blueprints/Assets/M_LightStage_Skybox_Black.uasset" to "../../../../../../Users/KatjaP/Documents/GitHub/ProjectCrimson/PCrimson/Content/StarterContent/Blueprints/Assets/M_LightStage_Skybox_Black.uasset"
[2017.07.30-20.04.43:264][  0]LogPackFactory: Copied "../../../Samples/StarterContent/Content/StarterContent/Blueprints/Assets/M_LightStage_Skybox_HDRI.uasset" to "../../../../../../Users/KatjaP/Documents/GitHub/ProjectCrimson/PCrimson/Content/StarterContent/Blueprints/Assets/M_LightStage_Skybox_HDRI.uasset"
[2017.07.30-20.04.43:282][  0]LogPackFactory: Copied "../../../Samples/StarterContent/Content/StarterContent/Blueprints/Assets/M_LightStage_Skybox_Master.uasset" to "../../../../../../Users/KatjaP/Documents/GitHub/ProjectCrimson/PCrimson/Content/StarterContent/Blueprints/Assets/M_LightStage_Skybox_Master.uasset"
[2017.07.30-20.04.43:326][  0]LogPackFactory: Copied "../../../Samples/StarterContent/Content/StarterContent/Blueprints/Assets/Skybox.uasset" to "../../../../../../Users/KatjaP/Documents/GitHub/ProjectCrimson/PCrimson/Content/StarterContent/Blueprints/Assets/Skybox.uasset"
[2017.07.30-20.04.43:350][  0]LogPackFactory: Copied "../../../Samples/StarterContent/Content/StarterContent/Blueprints/Assets/SM_Arrows.uasset" to "../../../../../../Users/KatjaP/Documents/GitHub/ProjectCrimson/PCrimson/Content/StarterContent/Blueprints/Assets/SM_Arrows.uasset"
[2017.07.30-20.04.43:359][  0]LogPackFactory: Copied "../../../Samples/StarterContent/Content/StarterContent/Blueprints/Assets/SunlightColorLUT.uasset" to "../../../../../../Users/KatjaP/Documents/GitHub/ProjectCrimson/PCrimson/Content/StarterContent/Blueprints/Assets/SunlightColorLUT.uasset"
[2017.07.30-20.04.44:463][  0]LogPackFactory: Copied "../../../Samples/StarterContent/Content/StarterContent/HDRI/HDRI_Epic_Courtyard_Daylight.uasset" to "../../../../../../Users/KatjaP/Documents/GitHub/ProjectCrimson/PCrimson/Content/StarterContent/HDRI/HDRI_Epic_Courtyard_Daylight.uasset"
[2017.07.30-20.04.44:500][  0]LogPackFactory: Copied "../../../Samples/StarterContent/Content/StarterContent/Maps/Advanced_Lighting.umap" to "../../../../../../Users/KatjaP/Documents/GitHub/ProjectCrimson/PCrimson/Content/StarterContent/Maps/Advanced_Lighting.umap"
[2017.07.30-20.04.44:516][  0]LogPackFactory: Copied "../../../Samples/StarterContent/Content/StarterContent/Maps/Advanced_Lighting_BuiltData.uasset" to "../../../../../../Users/KatjaP/Documents/GitHub/ProjectCrimson/PCrimson/Content/StarterContent/Maps/Advanced_Lighting_BuiltData.uasset"
[2017.07.30-20.04.44:597][  0]LogPackFactory: Copied "../../../Samples/StarterContent/Content/StarterContent/Maps/Minimal_Default.umap" to "../../../../../../Users/KatjaP/Documents/GitHub/ProjectCrimson/PCrimson/Content/StarterContent/Maps/Minimal_Default.umap"
[2017.07.30-20.04.44:624][  0]LogPackFactory: Copied "../../../Samples/StarterContent/Content/StarterContent/Maps/Minimal_Default_BuiltData.uasset" to "../../../../../../Users/KatjaP/Documents/GitHub/ProjectCrimson/PCrimson/Content/StarterContent/Maps/Minimal_Default_BuiltData.uasset"
[2017.07.30-20.04.44:721][  0]LogPackFactory: Copied "../../../Samples/StarterContent/Content/StarterContent/Maps/StarterMap.umap" to "../../../../../../Users/KatjaP/Documents/GitHub/ProjectCrimson/PCrimson/Content/StarterContent/Maps/StarterMap.umap"
[2017.07.30-20.04.44:969][  0]LogPackFactory: Copied "../../../Samples/StarterContent/Content/StarterContent/Maps/StarterMap_BuiltData.uasset" to "../../../../../../Users/KatjaP/Documents/GitHub/ProjectCrimson/PCrimson/Content/StarterContent/Maps/StarterMap_BuiltData.uasset"
[2017.07.30-20.04.45:017][  0]LogPackFactory: Copied "../../../Samples/StarterContent/Content/StarterContent/Materials/M_AssetPlatform.uasset" to "../../../../../../Users/KatjaP/Documents/GitHub/ProjectCrimson/PCrimson/Content/StarterContent/Materials/M_AssetPlatform.uasset"
[2017.07.30-20.04.45:043][  0]LogPackFactory: Copied "../../../Samples/StarterContent/Content/StarterContent/Materials/M_Basic_Floor.uasset" to "../../../../../../Users/KatjaP/Documents/GitHub/ProjectCrimson/PCrimson/Content/StarterContent/Materials/M_Basic_Floor.uasset"
[2017.07.30-20.04.45:061][  0]LogPackFactory: Copied "../../../Samples/StarterContent/Content/StarterContent/Materials/M_Basic_Wall.uasset" to "../../../../../../Users/KatjaP/Documents/GitHub/ProjectCrimson/PCrimson/Content/StarterContent/Materials/M_Basic_Wall.uasset"
[2017.07.30-20.04.45:065][  0]LogPackFactory: Copied "../../../Samples/StarterContent/Content/StarterContent/Materials/M_Brick_Clay_Beveled.uasset" to "../../../../../../Users/KatjaP/Documents/GitHub/ProjectCrimson/PCrimson/Content/StarterContent/Materials/M_Brick_Clay_Beveled.uasset"
[2017.07.30-20.04.45:099][  0]LogPackFactory: Copied "../../../Samples/StarterContent/Content/StarterContent/Materials/M_Brick_Clay_New.uasset" to "../../../../../../Users/KatjaP/Documents/GitHub/ProjectCrimson/PCrimson/Content/StarterContent/Materials/M_Brick_Clay_New.uasset"
[2017.07.30-20.04.45:120][  0]LogPackFactory: Copied "../../../Samples/StarterContent/Content/StarterContent/Materials/M_Brick_Clay_Old.uasset" to "../../../../../../Users/KatjaP/Documents/GitHub/ProjectCrimson/PCrimson/Content/StarterContent/Materials/M_Brick_Clay_Old.uasset"
[2017.07.30-20.04.45:137][  0]LogPackFactory: Copied "../../../Samples/StarterContent/Content/StarterContent/Materials/M_Brick_Cut_Stone.uasset" to "../../../../../../Users/KatjaP/Documents/GitHub/ProjectCrimson/PCrimson/Content/StarterContent/Materials/M_Brick_Cut_Stone.uasset"
[2017.07.30-20.04.45:171][  0]LogPackFactory: Copied "../../../Samples/StarterContent/Content/StarterContent/Materials/M_Brick_Hewn_Stone.uasset" to "../../../../../../Users/KatjaP/Documents/GitHub/ProjectCrimson/PCrimson/Content/StarterContent/Materials/M_Brick_Hewn_Stone.uasset"
[2017.07.30-20.04.45:231][  0]LogPackFactory: Copied "../../../Samples/StarterContent/Content/StarterContent/Materials/M_Ceramic_Tile_Checker.uasset" to "../../../../../../Users/KatjaP/Documents/GitHub/ProjectCrimson/PCrimson/Content/StarterContent/Materials/M_Ceramic_Tile_Checker.uasset"
[2017.07.30-20.04.45:283][  0]LogPackFactory: Copied "../../../Samples/StarterContent/Content/StarterContent/Materials/M_CobbleStone_Pebble.uasset" to "../../../../../../Users/KatjaP/Documents/GitHub/ProjectCrimson/PCrimson/Content/StarterContent/Materials/M_CobbleStone_Pebble.uasset"
[2017.07.30-20.04.45:305][  0]LogPackFactory: Copied "../../../Samples/StarterContent/Content/StarterContent/Materials/M_CobbleStone_Rough.uasset" to "../../../../../../Users/KatjaP/Documents/GitHub/ProjectCrimson/PCrimson/Content/StarterContent/Materials/M_CobbleStone_Rough.uasset"
[2017.07.30-20.04.45:332][  0]LogPackFactory: Copied "../../../Samples/StarterContent/Content/StarterContent/Materials/M_CobbleStone_Smooth.uasset" to "../../../../../../Users/KatjaP/Documents/GitHub/ProjectCrimson/PCrimson/Content/StarterContent/Materials/M_CobbleStone_Smooth.uasset"
[2017.07.30-20.04.45:373][  0]LogPackFactory: Copied "../../../Samples/StarterContent/Content/StarterContent/Materials/M_ColorGrid_LowSpec.uasset" to "../../../../../../Users/KatjaP/Documents/GitHub/ProjectCrimson/PCrimson/Content/StarterContent/Materials/M_ColorGrid_LowSpec.uasset"
[2017.07.30-20.04.45:408][  0]LogPackFactory: Copied "../../../Samples/StarterContent/Content/StarterContent/Materials/M_Concrete_Grime.uasset" to "../../../../../../Users/KatjaP/Documents/GitHub/ProjectCrimson/PCrimson/Content/StarterContent/Materials/M_Concrete_Grime.uasset"
[2017.07.30-20.04.45:441][  0]LogPackFactory: Copied "../../../Samples/StarterContent/Content/StarterContent/Materials/M_Concrete_Panels.uasset" to "../../../../../../Users/KatjaP/Documents/GitHub/ProjectCrimson/PCrimson/Content/StarterContent/Materials/M_Concrete_Panels.uasset"
[2017.07.30-20.04.45:478][  0]LogPackFactory: Copied "../../../Samples/StarterContent/Content/StarterContent/Materials/M_Concrete_Poured.uasset" to "../../../../../../Users/KatjaP/Documents/GitHub/ProjectCrimson/PCrimson/Content/StarterContent/Materials/M_Concrete_Poured.uasset"
[2017.07.30-20.04.45:502][  0]LogPackFactory: Copied "../../../Samples/StarterContent/Content/StarterContent/Materials/M_Concrete_Tiles.uasset" to "../../../../../../Users/KatjaP/Documents/GitHub/ProjectCrimson/PCrimson/Content/StarterContent/Materials/M_Concrete_Tiles.uasset"
[2017.07.30-20.04.45:526][  0]LogPackFactory: Copied "../../../Samples/StarterContent/Content/StarterContent/Materials/M_Glass.uasset" to "../../../../../../Users/KatjaP/Documents/GitHub/ProjectCrimson/PCrimson/Content/StarterContent/Materials/M_Glass.uasset"
[2017.07.30-20.04.45:556][  0]LogPackFactory: Copied "../../../Samples/StarterContent/Content/StarterContent/Materials/M_Ground_Grass.uasset" to "../../../../../../Users/KatjaP/Documents/GitHub/ProjectCrimson/PCrimson/Content/StarterContent/Materials/M_Ground_Grass.uasset"
[2017.07.30-20.04.45:601][  0]LogPackFactory: Copied "../../../Samples/StarterContent/Content/StarterContent/Materials/M_Ground_Gravel.uasset" to "../../../../../../Users/KatjaP/Documents/GitHub/ProjectCrimson/PCrimson/Content/StarterContent/Materials/M_Ground_Gravel.uasset"
[2017.07.30-20.04.45:656][  0]LogPackFactory: Copied "../../../Samples/StarterContent/Content/StarterContent/Materials/M_Ground_Moss.uasset" to "../../../../../../Users/KatjaP/Documents/GitHub/ProjectCrimson/PCrimson/Content/StarterContent/Materials/M_Ground_Moss.uasset"
[2017.07.30-20.04.45:677][  0]LogPackFactory: Copied "../../../Samples/StarterContent/Content/StarterContent/Materials/M_Metal_Brushed_Nickel.uasset" to "../../../../../../Users/KatjaP/Documents/GitHub/ProjectCrimson/PCrimson/Content/StarterContent/Materials/M_Metal_Brushed_Nickel.uasset"
[2017.07.30-20.04.45:692][  0]LogPackFactory: Copied "../../../Samples/StarterContent/Content/StarterContent/Materials/M_Metal_Burnished_Steel.uasset" to "../../../../../../Users/KatjaP/Documents/GitHub/ProjectCrimson/PCrimson/Content/StarterContent/Materials/M_Metal_Burnished_Steel.uasset"
[2017.07.30-20.04.45:734][  0]LogPackFactory: Copied "../../../Samples/StarterContent/Content/StarterContent/Materials/M_Metal_Chrome.uasset" to "../../../../../../Users/KatjaP/Documents/GitHub/ProjectCrimson/PCrimson/Content/StarterContent/Materials/M_Metal_Chrome.uasset"
[2017.07.30-20.04.45:756][  0]LogPackFactory: Copied "../../../Samples/StarterContent/Content/StarterContent/Materials/M_Metal_Copper.uasset" to "../../../../../../Users/KatjaP/Documents/GitHub/ProjectCrimson/PCrimson/Content/StarterContent/Materials/M_Metal_Copper.uasset"
[2017.07.30-20.04.45:798][  0]LogPackFactory: Copied "../../../Samples/StarterContent/Content/StarterContent/Materials/M_Metal_Gold.uasset" to "../../../../../../Users/KatjaP/Documents/GitHub/ProjectCrimson/PCrimson/Content/StarterContent/Materials/M_Metal_Gold.uasset"
[2017.07.30-20.04.45:820][  0]LogPackFactory: Copied "../../../Samples/StarterContent/Content/StarterContent/Materials/M_Metal_Rust.uasset" to "../../../../../../Users/KatjaP/Documents/GitHub/ProjectCrimson/PCrimson/Content/StarterContent/Materials/M_Metal_Rust.uasset"
[2017.07.30-20.04.45:832][  0]LogPackFactory: Copied "../../../Samples/StarterContent/Content/StarterContent/Materials/M_Metal_Steel.uasset" to "../../../../../../Users/KatjaP/Documents/GitHub/ProjectCrimson/PCrimson/Content/StarterContent/Materials/M_Metal_Steel.uasset"
[2017.07.30-20.04.45:876][  0]LogPackFactory: Copied "../../../Samples/StarterContent/Content/StarterContent/Materials/M_Rock_Basalt.uasset" to "../../../../../../Users/KatjaP/Documents/GitHub/ProjectCrimson/PCrimson/Content/StarterContent/Materials/M_Rock_Basalt.uasset"
[2017.07.30-20.04.45:891][  0]LogPackFactory: Copied "../../../Samples/StarterContent/Content/StarterContent/Materials/M_Rock_Marble_Polished.uasset" to "../../../../../../Users/KatjaP/Documents/GitHub/ProjectCrimson/PCrimson/Content/StarterContent/Materials/M_Rock_Marble_Polished.uasset"
[2017.07.30-20.04.45:936][  0]LogPackFactory: Copied "../../../Samples/StarterContent/Content/StarterContent/Materials/M_Rock_Sandstone.uasset" to "../../../../../../Users/KatjaP/Documents/GitHub/ProjectCrimson/PCrimson/Content/StarterContent/Materials/M_Rock_Sandstone.uasset"
[2017.07.30-20.04.45:985][  0]LogPackFactory: Copied "../../../Samples/StarterContent/Content/StarterContent/Materials/M_Rock_Slate.uasset" to "../../../../../../Users/KatjaP/Documents/GitHub/ProjectCrimson/PCrimson/Content/StarterContent/Materials/M_Rock_Slate.uasset"
[2017.07.30-20.04.46:018][  0]LogPackFactory: Copied "../../../Samples/StarterContent/Content/StarterContent/Materials/M_Tech_Checker_Dot.uasset" to "../../../../../../Users/KatjaP/Documents/GitHub/ProjectCrimson/PCrimson/Content/StarterContent/Materials/M_Tech_Checker_Dot.uasset"
[2017.07.30-20.04.46:033][  0]LogPackFactory: Copied "../../../Samples/StarterContent/Content/StarterContent/Materials/M_Tech_Hex_Tile.uasset" to "../../../../../../Users/KatjaP/Documents/GitHub/ProjectCrimson/PCrimson/Content/StarterContent/Materials/M_Tech_Hex_Tile.uasset"
[2017.07.30-20.04.46:068][  0]LogPackFactory: Copied "../../../Samples/StarterContent/Content/StarterContent/Materials/M_Tech_Hex_Tile_Pulse.uasset" to "../../../../../../Users/KatjaP/Documents/GitHub/ProjectCrimson/PCrimson/Content/StarterContent/Materials/M_Tech_Hex_Tile_Pulse.uasset"
[2017.07.30-20.04.46:079][  0]LogPackFactory: Copied "../../../Samples/StarterContent/Content/StarterContent/Materials/M_Tech_Panel.uasset" to "../../../../../../Users/KatjaP/Documents/GitHub/ProjectCrimson/PCrimson/Content/StarterContent/Materials/M_Tech_Panel.uasset"
[2017.07.30-20.04.46:130][  0]LogPackFactory: Copied "../../../Samples/StarterContent/Content/StarterContent/Materials/M_Water_Lake.uasset" to "../../../../../../Users/KatjaP/Documents/GitHub/ProjectCrimson/PCrimson/Content/StarterContent/Materials/M_Water_Lake.uasset"
[2017.07.30-20.04.46:149][  0]LogPackFactory: Copied "../../../Samples/StarterContent/Content/StarterContent/Materials/M_Water_Ocean.uasset" to "../../../../../../Users/KatjaP/Documents/GitHub/ProjectCrimson/PCrimson/Content/StarterContent/Materials/M_Water_Ocean.uasset"
[2017.07.30-20.04.46:183][  0]LogPackFactory: Copied "../../../Samples/StarterContent/Content/StarterContent/Materials/M_Wood_Floor_Walnut_Polished.uasset" to "../../../../../../Users/KatjaP/Documents/GitHub/ProjectCrimson/PCrimson/Content/StarterContent/Materials/M_Wood_Floor_Walnut_Polished.uasset"
[2017.07.30-20.04.46:212][  0]LogPackFactory: Copied "../../../Samples/StarterContent/Content/StarterContent/Materials/M_Wood_Floor_Walnut_Worn.uasset" to "../../../../../../Users/KatjaP/Documents/GitHub/ProjectCrimson/PCrimson/Content/StarterContent/Materials/M_Wood_Floor_Walnut_Worn.uasset"
[2017.07.30-20.04.46:218][  0]LogPackFactory: Copied "../../../Samples/StarterContent/Content/StarterContent/Materials/M_Wood_Oak.uasset" to "../../../../../../Users/KatjaP/Documents/GitHub/ProjectCrimson/PCrimson/Content/StarterContent/Materials/M_Wood_Oak.uasset"
[2017.07.30-20.04.46:245][  0]LogPackFactory: Copied "../../../Samples/StarterContent/Content/StarterContent/Materials/M_Wood_Pine.uasset" to "../../../../../../Users/KatjaP/Documents/GitHub/ProjectCrimson/PCrimson/Content/StarterContent/Materials/M_Wood_Pine.uasset"
[2017.07.30-20.04.46:291][  0]LogPackFactory: Copied "../../../Samples/StarterContent/Content/StarterContent/Materials/M_Wood_Walnut.uasset" to "../../../../../../Users/KatjaP/Documents/GitHub/ProjectCrimson/PCrimson/Content/StarterContent/Materials/M_Wood_Walnut.uasset"
[2017.07.30-20.04.46:344][  0]LogPackFactory: Copied "../../../Samples/StarterContent/Content/StarterContent/Particles/P_Ambient_Dust.uasset" to "../../../../../../Users/KatjaP/Documents/GitHub/ProjectCrimson/PCrimson/Content/StarterContent/Particles/P_Ambient_Dust.uasset"
[2017.07.30-20.04.46:371][  0]LogPackFactory: Copied "../../../Samples/StarterContent/Content/StarterContent/Particles/P_Explosion.uasset" to "../../../../../../Users/KatjaP/Documents/GitHub/ProjectCrimson/PCrimson/Content/StarterContent/Particles/P_Explosion.uasset"
[2017.07.30-20.04.46:399][  0]LogPackFactory: Copied "../../../Samples/StarterContent/Content/StarterContent/Particles/P_Fire.uasset" to "../../../../../../Users/KatjaP/Documents/GitHub/ProjectCrimson/PCrimson/Content/StarterContent/Particles/P_Fire.uasset"
[2017.07.30-20.04.46:434][  0]LogPackFactory: Copied "../../../Samples/StarterContent/Content/StarterContent/Particles/P_Smoke.uasset" to "../../../../../../Users/KatjaP/Documents/GitHub/ProjectCrimson/PCrimson/Content/StarterContent/Particles/P_Smoke.uasset"
[2017.07.30-20.04.46:461][  0]LogPackFactory: Copied "../../../Samples/StarterContent/Content/StarterContent/Particles/P_Sparks.uasset" to "../../../../../../Users/KatjaP/Documents/GitHub/ProjectCrimson/PCrimson/Content/StarterContent/Particles/P_Sparks.uasset"
[2017.07.30-20.04.46:498][  0]LogPackFactory: Copied "../../../Samples/StarterContent/Content/StarterContent/Particles/P_Steam_Lit.uasset" to "../../../../../../Users/KatjaP/Documents/GitHub/ProjectCrimson/PCrimson/Content/StarterContent/Particles/P_Steam_Lit.uasset"
[2017.07.30-20.04.46:514][  0]LogPackFactory: Copied "../../../Samples/StarterContent/Content/StarterContent/Particles/Materials/M_Burst.uasset" to "../../../../../../Users/KatjaP/Documents/GitHub/ProjectCrimson/PCrimson/Content/StarterContent/Particles/Materials/M_Burst.uasset"
[2017.07.30-20.04.46:522][  0]LogPackFactory: Copied "../../../Samples/StarterContent/Content/StarterContent/Particles/Materials/M_Dust_Particle.uasset" to "../../../../../../Users/KatjaP/Documents/GitHub/ProjectCrimson/PCrimson/Content/StarterContent/Particles/Materials/M_Dust_Particle.uasset"
[2017.07.30-20.04.46:552][  0]LogPackFactory: Copied "../../../Samples/StarterContent/Content/StarterContent/Particles/Materials/M_explosion_subUV.uasset" to "../../../../../../Users/KatjaP/Documents/GitHub/ProjectCrimson/PCrimson/Content/StarterContent/Particles/Materials/M_explosion_subUV.uasset"
[2017.07.30-20.04.46:585][  0]LogPackFactory: Copied "../../../Samples/StarterContent/Content/StarterContent/Particles/Materials/M_Fire_SubUV.uasset" to "../../../../../../Users/KatjaP/Documents/GitHub/ProjectCrimson/PCrimson/Content/StarterContent/Particles/Materials/M_Fire_SubUV.uasset"
[2017.07.30-20.04.46:619][  0]LogPackFactory: Copied "../../../Samples/StarterContent/Content/StarterContent/Particles/Materials/m_flare_01.uasset" to "../../../../../../Users/KatjaP/Documents/GitHub/ProjectCrimson/PCrimson/Content/StarterContent/Particles/Materials/m_flare_01.uasset"
[2017.07.30-20.04.46:655][  0]LogPackFactory: Copied "../../../Samples/StarterContent/Content/StarterContent/Particles/Materials/M_Heat_Distortion.uasset" to "../../../../../../Users/KatjaP/Documents/GitHub/ProjectCrimson/PCrimson/Content/StarterContent/Particles/Materials/M_Heat_Distortion.uasset"
[2017.07.30-20.04.46:669][  0]LogPackFactory: Copied "../../../Samples/StarterContent/Content/StarterContent/Particles/Materials/M_Radial_Gradient.uasset" to "../../../../../../Users/KatjaP/Documents/GitHub/ProjectCrimson/PCrimson/Content/StarterContent/Particles/Materials/M_Radial_Gradient.uasset"
[2017.07.30-20.04.46:683][  0]LogPackFactory: Copied "../../../Samples/StarterContent/Content/StarterContent/Particles/Materials/M_radial_ramp.uasset" to "../../../../../../Users/KatjaP/Documents/GitHub/ProjectCrimson/PCrimson/Content/StarterContent/Particles/Materials/M_radial_ramp.uasset"
[2017.07.30-20.04.46:712][  0]LogPackFactory: Copied "../../../Samples/StarterContent/Content/StarterContent/Particles/Materials/M_smoke_subUV.uasset" to "../../../../../../Users/KatjaP/Documents/GitHub/ProjectCrimson/PCrimson/Content/StarterContent/Particles/Materials/M_smoke_subUV.uasset"
[2017.07.30-20.04.46:744][  0]LogPackFactory: Copied "../../../Samples/StarterContent/Content/StarterContent/Particles/Materials/M_Spark.uasset" to "../../../../../../Users/KatjaP/Documents/GitHub/ProjectCrimson/PCrimson/Content/StarterContent/Particles/Materials/M_Spark.uasset"
[2017.07.30-20.04.46:783][  0]LogPackFactory: Copied "../../../Samples/StarterContent/Content/StarterContent/Props/MaterialSphere.uasset" to "../../../../../../Users/KatjaP/Documents/GitHub/ProjectCrimson/PCrimson/Content/StarterContent/Props/MaterialSphere.uasset"
[2017.07.30-20.04.46:804][  0]LogPackFactory: Copied "../../../Samples/StarterContent/Content/StarterContent/Props/SM_Bush.uasset" to "../../../../../../Users/KatjaP/Documents/GitHub/ProjectCrimson/PCrimson/Content/StarterContent/Props/SM_Bush.uasset"
[2017.07.30-20.04.46:825][  0]LogPackFactory: Copied "../../../Samples/StarterContent/Content/StarterContent/Props/SM_Chair.uasset" to "../../../../../../Users/KatjaP/Documents/GitHub/ProjectCrimson/PCrimson/Content/StarterContent/Props/SM_Chair.uasset"
[2017.07.30-20.04.46:851][  0]LogPackFactory: Copied "../../../Samples/StarterContent/Content/StarterContent/Props/SM_CornerFrame.uasset" to "../../../../../../Users/KatjaP/Documents/GitHub/ProjectCrimson/PCrimson/Content/StarterContent/Props/SM_CornerFrame.uasset"
[2017.07.30-20.04.46:870][  0]LogPackFactory: Copied "../../../Samples/StarterContent/Content/StarterContent/Props/SM_Couch.uasset" to "../../../../../../Users/KatjaP/Documents/GitHub/ProjectCrimson/PCrimson/Content/StarterContent/Props/SM_Couch.uasset"
[2017.07.30-20.04.46:927][  0]LogPackFactory: Copied "../../../Samples/StarterContent/Content/StarterContent/Props/SM_Door.uasset" to "../../../../../../Users/KatjaP/Documents/GitHub/ProjectCrimson/PCrimson/Content/StarterContent/Props/SM_Door.uasset"
[2017.07.30-20.04.46:944][  0]LogPackFactory: Copied "../../../Samples/StarterContent/Content/StarterContent/Props/SM_DoorFrame.uasset" to "../../../../../../Users/KatjaP/Documents/GitHub/ProjectCrimson/PCrimson/Content/StarterContent/Props/SM_DoorFrame.uasset"
[2017.07.30-20.04.46:981][  0]LogPackFactory: Copied "../../../Samples/StarterContent/Content/StarterContent/Props/SM_GlassWindow.uasset" to "../../../../../../Users/KatjaP/Documents/GitHub/ProjectCrimson/PCrimson/Content/StarterContent/Props/SM_GlassWindow.uasset"
[2017.07.30-20.04.46:995][  0]LogPackFactory: Copied "../../../Samples/StarterContent/Content/StarterContent/Props/SM_Lamp_Ceiling.uasset" to "../../../../../../Users/KatjaP/Documents/GitHub/ProjectCrimson/PCrimson/Content/StarterContent/Props/SM_Lamp_Ceiling.uasset"
[2017.07.30-20.04.47:055][  0]LogPackFactory: Copied "../../../Samples/StarterContent/Content/StarterContent/Props/SM_Lamp_Wall.uasset" to "../../../../../../Users/KatjaP/Documents/GitHub/ProjectCrimson/PCrimson/Content/StarterContent/Props/SM_Lamp_Wall.uasset"
[2017.07.30-20.04.47:222][  0]LogPackFactory: Copied "../../../Samples/StarterContent/Content/StarterContent/Props/SM_MatPreviewMesh_02.uasset" to "../../../../../../Users/KatjaP/Documents/GitHub/ProjectCrimson/PCrimson/Content/StarterContent/Props/SM_MatPreviewMesh_02.uasset"
[2017.07.30-20.04.47:242][  0]LogPackFactory: Copied "../../../Samples/StarterContent/Content/StarterContent/Props/SM_PillarFrame.uasset" to "../../../../../../Users/KatjaP/Documents/GitHub/ProjectCrimson/PCrimson/Content/StarterContent/Props/SM_PillarFrame.uasset"
[2017.07.30-20.04.47:264][  0]LogPackFactory: Copied "../../../Samples/StarterContent/Content/StarterContent/Props/SM_PillarFrame300.uasset" to "../../../../../../Users/KatjaP/Documents/GitHub/ProjectCrimson/PCrimson/Content/StarterContent/Props/SM_PillarFrame300.uasset"
[2017.07.30-20.04.47:632][  0]LogPackFactory: Copied "../../../Samples/StarterContent/Content/StarterContent/Props/SM_Rock.uasset" to "../../../../../../Users/KatjaP/Documents/GitHub/ProjectCrimson/PCrimson/Content/StarterContent/Props/SM_Rock.uasset"
[2017.07.30-20.04.47:930][  0]LogPackFactory: Copied "../../../Samples/StarterContent/Content/StarterContent/Props/SM_Shelf.uasset" to "../../../../../../Users/KatjaP/Documents/GitHub/ProjectCrimson/PCrimson/Content/StarterContent/Props/SM_Shelf.uasset"
[2017.07.30-20.04.47:995][  0]LogPackFactory: Copied "../../../Samples/StarterContent/Content/StarterContent/Props/SM_Stairs.uasset" to "../../../../../../Users/KatjaP/Documents/GitHub/ProjectCrimson/PCrimson/Content/StarterContent/Props/SM_Stairs.uasset"
[2017.07.30-20.04.48:025][  0]LogPackFactory: Copied "../../../Samples/StarterContent/Content/StarterContent/Props/SM_Statue.uasset" to "../../../../../../Users/KatjaP/Documents/GitHub/ProjectCrimson/PCrimson/Content/StarterContent/Props/SM_Statue.uasset"
[2017.07.30-20.04.48:084][  0]LogPackFactory: Copied "../../../Samples/StarterContent/Content/StarterContent/Props/SM_TableRound.uasset" to "../../../../../../Users/KatjaP/Documents/GitHub/ProjectCrimson/PCrimson/Content/StarterContent/Props/SM_TableRound.uasset"
[2017.07.30-20.04.48:095][  0]LogPackFactory: Copied "../../../Samples/StarterContent/Content/StarterContent/Props/SM_WindowFrame.uasset" to "../../../../../../Users/KatjaP/Documents/GitHub/ProjectCrimson/PCrimson/Content/StarterContent/Props/SM_WindowFrame.uasset"
[2017.07.30-20.04.48:133][  0]LogPackFactory: Copied "../../../Samples/StarterContent/Content/StarterContent/Props/Materials/M_Bush.uasset" to "../../../../../../Users/KatjaP/Documents/GitHub/ProjectCrimson/PCrimson/Content/StarterContent/Props/Materials/M_Bush.uasset"
[2017.07.30-20.04.48:179][  0]LogPackFactory: Copied "../../../Samples/StarterContent/Content/StarterContent/Props/Materials/M_Chair.uasset" to "../../../../../../Users/KatjaP/Documents/GitHub/ProjectCrimson/PCrimson/Content/StarterContent/Props/Materials/M_Chair.uasset"
[2017.07.30-20.04.48:190][  0]LogPackFactory: Copied "../../../Samples/StarterContent/Content/StarterContent/Props/Materials/M_Door.uasset" to "../../../../../../Users/KatjaP/Documents/GitHub/ProjectCrimson/PCrimson/Content/StarterContent/Props/Materials/M_Door.uasset"
[2017.07.30-20.04.48:216][  0]LogPackFactory: Copied "../../../Samples/StarterContent/Content/StarterContent/Props/Materials/M_Frame.uasset" to "../../../../../../Users/KatjaP/Documents/GitHub/ProjectCrimson/PCrimson/Content/StarterContent/Props/Materials/M_Frame.uasset"
[2017.07.30-20.04.48:237][  0]LogPackFactory: Copied "../../../Samples/StarterContent/Content/StarterContent/Props/Materials/M_Lamp.uasset" to "../../../../../../Users/KatjaP/Documents/GitHub/ProjectCrimson/PCrimson/Content/StarterContent/Props/Materials/M_Lamp.uasset"
[2017.07.30-20.04.48:272][  0]LogPackFactory: Copied "../../../Samples/StarterContent/Content/StarterContent/Props/Materials/M_MaterialSphere.uasset" to "../../../../../../Users/KatjaP/Documents/GitHub/ProjectCrimson/PCrimson/Content/StarterContent/Props/Materials/M_MaterialSphere.uasset"
[2017.07.30-20.04.48:282][  0]LogPackFactory: Copied "../../../Samples/StarterContent/Content/StarterContent/Props/Materials/M_MaterialSphere_Plain.uasset" to "../../../../../../Users/KatjaP/Documents/GitHub/ProjectCrimson/PCrimson/Content/StarterContent/Props/Materials/M_MaterialSphere_Plain.uasset"
[2017.07.30-20.04.48:296][  0]LogPackFactory: Copied "../../../Samples/StarterContent/Content/StarterContent/Props/Materials/M_Rock.uasset" to "../../../../../../Users/KatjaP/Documents/GitHub/ProjectCrimson/PCrimson/Content/StarterContent/Props/Materials/M_Rock.uasset"
[2017.07.30-20.04.48:314][  0]LogPackFactory: Copied "../../../Samples/StarterContent/Content/StarterContent/Props/Materials/M_Shelf.uasset" to "../../../../../../Users/KatjaP/Documents/GitHub/ProjectCrimson/PCrimson/Content/StarterContent/Props/Materials/M_Shelf.uasset"
[2017.07.30-20.04.48:360][  0]LogPackFactory: Copied "../../../Samples/StarterContent/Content/StarterContent/Props/Materials/M_Statue.uasset" to "../../../../../../Users/KatjaP/Documents/GitHub/ProjectCrimson/PCrimson/Content/StarterContent/Props/Materials/M_Statue.uasset"
[2017.07.30-20.04.48:388][  0]LogPackFactory: Copied "../../../Samples/StarterContent/Content/StarterContent/Props/Materials/M_StatueGlass.uasset" to "../../../../../../Users/KatjaP/Documents/GitHub/ProjectCrimson/PCrimson/Content/StarterContent/Props/Materials/M_StatueGlass.uasset"
[2017.07.30-20.04.48:514][  0]LogPackFactory: Copied "../../../Samples/StarterContent/Content/StarterContent/Props/Materials/M_TableRound.uasset" to "../../../../../../Users/KatjaP/Documents/GitHub/ProjectCrimson/PCrimson/Content/StarterContent/Props/Materials/M_TableRound.uasset"
[2017.07.30-20.04.48:582][  0]LogPackFactory: Copied "../../../Samples/StarterContent/Content/StarterContent/Shapes/Shape_Cone.uasset" to "../../../../../../Users/KatjaP/Documents/GitHub/ProjectCrimson/PCrimson/Content/StarterContent/Shapes/Shape_Cone.uasset"
[2017.07.30-20.04.48:685][  0]LogPackFactory: Copied "../../../Samples/StarterContent/Content/StarterContent/Shapes/Shape_Cube.uasset" to "../../../../../../Users/KatjaP/Documents/GitHub/ProjectCrimson/PCrimson/Content/StarterContent/Shapes/Shape_Cube.uasset"
[2017.07.30-20.04.48:707][  0]LogPackFactory: Copied "../../../Samples/StarterContent/Content/StarterContent/Shapes/Shape_Cylinder.uasset" to "../../../../../../Users/KatjaP/Documents/GitHub/ProjectCrimson/PCrimson/Content/StarterContent/Shapes/Shape_Cylinder.uasset"
[2017.07.30-20.04.48:724][  0]LogPackFactory: Copied "../../../Samples/StarterContent/Content/StarterContent/Shapes/Shape_NarrowCapsule.uasset" to "../../../../../../Users/KatjaP/Documents/GitHub/ProjectCrimson/PCrimson/Content/StarterContent/Shapes/Shape_NarrowCapsule.uasset"
[2017.07.30-20.04.48:758][  0]LogPackFactory: Copied "../../../Samples/StarterContent/Content/StarterContent/Shapes/Shape_Pipe.uasset" to "../../../../../../Users/KatjaP/Documents/GitHub/ProjectCrimson/PCrimson/Content/StarterContent/Shapes/Shape_Pipe.uasset"
[2017.07.30-20.04.48:784][  0]LogPackFactory: Copied "../../../Samples/StarterContent/Content/StarterContent/Shapes/Shape_Pipe_180.uasset" to "../../../../../../Users/KatjaP/Documents/GitHub/ProjectCrimson/PCrimson/Content/StarterContent/Shapes/Shape_Pipe_180.uasset"
[2017.07.30-20.04.48:801][  0]LogPackFactory: Copied "../../../Samples/StarterContent/Content/StarterContent/Shapes/Shape_Pipe_90.uasset" to "../../../../../../Users/KatjaP/Documents/GitHub/ProjectCrimson/PCrimson/Content/StarterContent/Shapes/Shape_Pipe_90.uasset"
[2017.07.30-20.04.48:822][  0]LogPackFactory: Copied "../../../Samples/StarterContent/Content/StarterContent/Shapes/Shape_Plane.uasset" to "../../../../../../Users/KatjaP/Documents/GitHub/ProjectCrimson/PCrimson/Content/StarterContent/Shapes/Shape_Plane.uasset"
[2017.07.30-20.04.48:839][  0]LogPackFactory: Copied "../../../Samples/StarterContent/Content/StarterContent/Shapes/Shape_QuadPyramid.uasset" to "../../../../../../Users/KatjaP/Documents/GitHub/ProjectCrimson/PCrimson/Content/StarterContent/Shapes/Shape_QuadPyramid.uasset"
[2017.07.30-20.04.48:890][  0]LogPackFactory: Copied "../../../Samples/StarterContent/Content/StarterContent/Shapes/Shape_Sphere.uasset" to "../../../../../../Users/KatjaP/Documents/GitHub/ProjectCrimson/PCrimson/Content/StarterContent/Shapes/Shape_Sphere.uasset"
[2017.07.30-20.04.48:911][  0]LogPackFactory: Copied "../../../Samples/StarterContent/Content/StarterContent/Shapes/Shape_Torus.uasset" to "../../../../../../Users/KatjaP/Documents/GitHub/ProjectCrimson/PCrimson/Content/StarterContent/Shapes/Shape_Torus.uasset"
[2017.07.30-20.04.48:928][  0]LogPackFactory: Copied "../../../Samples/StarterContent/Content/StarterContent/Shapes/Shape_Trim.uasset" to "../../../../../../Users/KatjaP/Documents/GitHub/ProjectCrimson/PCrimson/Content/StarterContent/Shapes/Shape_Trim.uasset"
[2017.07.30-20.04.48:966][  0]LogPackFactory: Copied "../../../Samples/StarterContent/Content/StarterContent/Shapes/Shape_Trim_90_In.uasset" to "../../../../../../Users/KatjaP/Documents/GitHub/ProjectCrimson/PCrimson/Content/StarterContent/Shapes/Shape_Trim_90_In.uasset"
[2017.07.30-20.04.48:998][  0]LogPackFactory: Copied "../../../Samples/StarterContent/Content/StarterContent/Shapes/Shape_Trim_90_Out.uasset" to "../../../../../../Users/KatjaP/Documents/GitHub/ProjectCrimson/PCrimson/Content/StarterContent/Shapes/Shape_Trim_90_Out.uasset"
[2017.07.30-20.04.49:022][  0]LogPackFactory: Copied "../../../Samples/StarterContent/Content/StarterContent/Shapes/Shape_TriPyramid.uasset" to "../../../../../../Users/KatjaP/Documents/GitHub/ProjectCrimson/PCrimson/Content/StarterContent/Shapes/Shape_TriPyramid.uasset"
[2017.07.30-20.04.49:068][  0]LogPackFactory: Copied "../../../Samples/StarterContent/Content/StarterContent/Shapes/Shape_Tube.uasset" to "../../../../../../Users/KatjaP/Documents/GitHub/ProjectCrimson/PCrimson/Content/StarterContent/Shapes/Shape_Tube.uasset"
[2017.07.30-20.04.49:101][  0]LogPackFactory: Copied "../../../Samples/StarterContent/Content/StarterContent/Shapes/Shape_Wedge_A.uasset" to "../../../../../../Users/KatjaP/Documents/GitHub/ProjectCrimson/PCrimson/Content/StarterContent/Shapes/Shape_Wedge_A.uasset"
[2017.07.30-20.04.49:128][  0]LogPackFactory: Copied "../../../Samples/StarterContent/Content/StarterContent/Shapes/Shape_Wedge_B.uasset" to "../../../../../../Users/KatjaP/Documents/GitHub/ProjectCrimson/PCrimson/Content/StarterContent/Shapes/Shape_Wedge_B.uasset"
[2017.07.30-20.04.49:142][  0]LogPackFactory: Copied "../../../Samples/StarterContent/Content/StarterContent/Shapes/Shape_WideCapsule.uasset" to "../../../../../../Users/KatjaP/Documents/GitHub/ProjectCrimson/PCrimson/Content/StarterContent/Shapes/Shape_WideCapsule.uasset"
[2017.07.30-20.04.49:284][  0]LogPackFactory: Copied "../../../Samples/StarterContent/Content/StarterContent/Textures/T_Brick_Clay_Beveled_D.uasset" to "../../../../../../Users/KatjaP/Documents/GitHub/ProjectCrimson/PCrimson/Content/StarterContent/Textures/T_Brick_Clay_Beveled_D.uasset"
[2017.07.30-20.04.49:692][  0]LogPackFactory: Copied "../../../Samples/StarterContent/Content/StarterContent/Textures/T_Brick_Clay_Beveled_M.uasset" to "../../../../../../Users/KatjaP/Documents/GitHub/ProjectCrimson/PCrimson/Content/StarterContent/Textures/T_Brick_Clay_Beveled_M.uasset"
[2017.07.30-20.04.51:656][  0]LogPackFactory: Copied "../../../Samples/StarterContent/Content/StarterContent/Textures/T_Brick_Clay_Beveled_N.uasset" to "../../../../../../Users/KatjaP/Documents/GitHub/ProjectCrimson/PCrimson/Content/StarterContent/Textures/T_Brick_Clay_Beveled_N.uasset"
[2017.07.30-20.04.51:759][  0]LogPackFactory: Copied "../../../Samples/StarterContent/Content/StarterContent/Textures/T_Brick_Clay_New_D.uasset" to "../../../../../../Users/KatjaP/Documents/GitHub/ProjectCrimson/PCrimson/Content/StarterContent/Textures/T_Brick_Clay_New_D.uasset"
[2017.07.30-20.04.51:910][  0]LogPackFactory: Copied "../../../Samples/StarterContent/Content/StarterContent/Textures/T_Brick_Clay_New_M.uasset" to "../../../../../../Users/KatjaP/Documents/GitHub/ProjectCrimson/PCrimson/Content/StarterContent/Textures/T_Brick_Clay_New_M.uasset"
[2017.07.30-20.04.52:035][  0]LogPackFactory: Copied "../../../Samples/StarterContent/Content/StarterContent/Textures/T_Brick_Clay_New_N.uasset" to "../../../../../../Users/KatjaP/Documents/GitHub/ProjectCrimson/PCrimson/Content/StarterContent/Textures/T_Brick_Clay_New_N.uasset"
[2017.07.30-20.04.52:215][  0]LogPackFactory: Copied "../../../Samples/StarterContent/Content/StarterContent/Textures/T_Brick_Clay_Old_D.uasset" to "../../../../../../Users/KatjaP/Documents/GitHub/ProjectCrimson/PCrimson/Content/StarterContent/Textures/T_Brick_Clay_Old_D.uasset"
[2017.07.30-20.04.52:326][  0]LogPackFactory: Copied "../../../Samples/StarterContent/Content/StarterContent/Textures/T_Brick_Clay_Old_N.uasset" to "../../../../../../Users/KatjaP/Documents/GitHub/ProjectCrimson/PCrimson/Content/StarterContent/Textures/T_Brick_Clay_Old_N.uasset"
[2017.07.30-20.04.52:528][  0]LogPackFactory: Copied "../../../Samples/StarterContent/Content/StarterContent/Textures/T_Brick_Cut_Stone_D.uasset" to "../../../../../../Users/KatjaP/Documents/GitHub/ProjectCrimson/PCrimson/Content/StarterContent/Textures/T_Brick_Cut_Stone_D.uasset"
[2017.07.30-20.04.52:633][  0]LogPackFactory: Copied "../../../Samples/StarterContent/Content/StarterContent/Textures/T_Brick_Cut_Stone_N.uasset" to "../../../../../../Users/KatjaP/Documents/GitHub/ProjectCrimson/PCrimson/Content/StarterContent/Textures/T_Brick_Cut_Stone_N.uasset"
[2017.07.30-20.04.53:112][  0]LogPackFactory: Copied "../../../Samples/StarterContent/Content/StarterContent/Textures/T_Brick_Hewn_Stone_D.uasset" to "../../../../../../Users/KatjaP/Documents/GitHub/ProjectCrimson/PCrimson/Content/StarterContent/Textures/T_Brick_Hewn_Stone_D.uasset"
[2017.07.30-20.05.00:701][  0]LogPackFactory: Copied "../../../Samples/StarterContent/Content/StarterContent/Textures/T_Brick_Hewn_Stone_M.uasset" to "../../../../../../Users/KatjaP/Documents/GitHub/ProjectCrimson/PCrimson/Content/StarterContent/Textures/T_Brick_Hewn_Stone_M.uasset"
[2017.07.30-20.05.01:813][  0]LogPackFactory: Copied "../../../Samples/StarterContent/Content/StarterContent/Textures/T_Brick_Hewn_Stone_N.uasset" to "../../../../../../Users/KatjaP/Documents/GitHub/ProjectCrimson/PCrimson/Content/StarterContent/Textures/T_Brick_Hewn_Stone_N.uasset"
[2017.07.30-20.05.02:011][  0]LogPackFactory: Copied "../../../Samples/StarterContent/Content/StarterContent/Textures/T_Burst_M.uasset" to "../../../../../../Users/KatjaP/Documents/GitHub/ProjectCrimson/PCrimson/Content/StarterContent/Textures/T_Burst_M.uasset"
[2017.07.30-20.05.02:092][  0]LogPackFactory: Copied "../../../Samples/StarterContent/Content/StarterContent/Textures/T_Bush_D.uasset" to "../../../../../../Users/KatjaP/Documents/GitHub/ProjectCrimson/PCrimson/Content/StarterContent/Textures/T_Bush_D.uasset"
[2017.07.30-20.05.02:172][  0]LogPackFactory: Copied "../../../Samples/StarterContent/Content/StarterContent/Textures/T_Bush_N.uasset" to "../../../../../../Users/KatjaP/Documents/GitHub/ProjectCrimson/PCrimson/Content/StarterContent/Textures/T_Bush_N.uasset"
[2017.07.30-20.05.02:345][  0]LogPackFactory: Copied "../../../Samples/StarterContent/Content/StarterContent/Textures/T_Ceramic_Tile_M.uasset" to "../../../../../../Users/KatjaP/Documents/GitHub/ProjectCrimson/PCrimson/Content/StarterContent/Textures/T_Ceramic_Tile_M.uasset"
[2017.07.30-20.05.02:431][  0]LogPackFactory: Copied "../../../Samples/StarterContent/Content/StarterContent/Textures/T_Ceramic_Tile_N.uasset" to "../../../../../../Users/KatjaP/Documents/GitHub/ProjectCrimson/PCrimson/Content/StarterContent/Textures/T_Ceramic_Tile_N.uasset"
[2017.07.30-20.05.02:563][  0]LogPackFactory: Copied "../../../Samples/StarterContent/Content/StarterContent/Textures/T_Chair_M.uasset" to "../../../../../../Users/KatjaP/Documents/GitHub/ProjectCrimson/PCrimson/Content/StarterContent/Textures/T_Chair_M.uasset"
[2017.07.30-20.05.02:860][  0]LogPackFactory: Copied "../../../Samples/StarterContent/Content/StarterContent/Textures/T_Chair_N.uasset" to "../../../../../../Users/KatjaP/Documents/GitHub/ProjectCrimson/PCrimson/Content/StarterContent/Textures/T_Chair_N.uasset"
[2017.07.30-20.05.02:904][  0]LogPackFactory: Copied "../../../Samples/StarterContent/Content/StarterContent/Textures/T_Checker_Noise_M.uasset" to "../../../../../../Users/KatjaP/Documents/GitHub/ProjectCrimson/PCrimson/Content/StarterContent/Textures/T_Checker_Noise_M.uasset"
[2017.07.30-20.05.03:908][  0]LogPackFactory: Copied "../../../Samples/StarterContent/Content/StarterContent/Textures/T_CobbleStone_Pebble_D.uasset" to "../../../../../../Users/KatjaP/Documents/GitHub/ProjectCrimson/PCrimson/Content/StarterContent/Textures/T_CobbleStone_Pebble_D.uasset"
[2017.07.30-20.05.04:226][  0]LogPackFactory: Copied "../../../Samples/StarterContent/Content/StarterContent/Textures/T_CobbleStone_Pebble_M.uasset" to "../../../../../../Users/KatjaP/Documents/GitHub/ProjectCrimson/PCrimson/Content/StarterContent/Textures/T_CobbleStone_Pebble_M.uasset"
[2017.07.30-20.05.04:675][  0]LogPackFactory: Copied "../../../Samples/StarterContent/Content/StarterContent/Textures/T_CobbleStone_Pebble_N.uasset" to "../../../../../../Users/KatjaP/Documents/GitHub/ProjectCrimson/PCrimson/Content/StarterContent/Textures/T_CobbleStone_Pebble_N.uasset"
[2017.07.30-20.05.04:777][  0]LogPackFactory: Copied "../../../Samples/StarterContent/Content/StarterContent/Textures/T_CobbleStone_Rough_D.uasset" to "../../../../../../Users/KatjaP/Documents/GitHub/ProjectCrimson/PCrimson/Content/StarterContent/Textures/T_CobbleStone_Rough_D.uasset"
[2017.07.30-20.05.04:829][  0]LogPackFactory: Copied "../../../Samples/StarterContent/Content/StarterContent/Textures/T_CobbleStone_Rough_N.uasset" to "../../../../../../Users/KatjaP/Documents/GitHub/ProjectCrimson/PCrimson/Content/StarterContent/Textures/T_CobbleStone_Rough_N.uasset"
[2017.07.30-20.05.04:998][  0]LogPackFactory: Copied "../../../Samples/StarterContent/Content/StarterContent/Textures/T_CobbleStone_Smooth_D.uasset" to "../../../../../../Users/KatjaP/Documents/GitHub/ProjectCrimson/PCrimson/Content/StarterContent/Textures/T_CobbleStone_Smooth_D.uasset"
[2017.07.30-20.05.05:142][  0]LogPackFactory: Copied "../../../Samples/StarterContent/Content/StarterContent/Textures/T_CobbleStone_Smooth_M.uasset" to "../../../../../../Users/KatjaP/Documents/GitHub/ProjectCrimson/PCrimson/Content/StarterContent/Textures/T_CobbleStone_Smooth_M.uasset"
[2017.07.30-20.05.05:303][  0]LogPackFactory: Copied "../../../Samples/StarterContent/Content/StarterContent/Textures/T_CobbleStone_Smooth_N.uasset" to "../../../../../../Users/KatjaP/Documents/GitHub/ProjectCrimson/PCrimson/Content/StarterContent/Textures/T_CobbleStone_Smooth_N.uasset"
[2017.07.30-20.05.05:476][  0]LogPackFactory: Copied "../../../Samples/StarterContent/Content/StarterContent/Textures/T_Concrete_Grime_D.uasset" to "../../../../../../Users/KatjaP/Documents/GitHub/ProjectCrimson/PCrimson/Content/StarterContent/Textures/T_Concrete_Grime_D.uasset"
[2017.07.30-20.05.06:583][  0]LogPackFactory: Copied "../../../Samples/StarterContent/Content/StarterContent/Textures/T_Concrete_Panels_D.uasset" to "../../../../../../Users/KatjaP/Documents/GitHub/ProjectCrimson/PCrimson/Content/StarterContent/Textures/T_Concrete_Panels_D.uasset"
[2017.07.30-20.05.06:704][  0]LogPackFactory: Copied "../../../Samples/StarterContent/Content/StarterContent/Textures/T_Concrete_Panels_N.uasset" to "../../../../../../Users/KatjaP/Documents/GitHub/ProjectCrimson/PCrimson/Content/StarterContent/Textures/T_Concrete_Panels_N.uasset"
[2017.07.30-20.05.07:267][  0]LogPackFactory: Copied "../../../Samples/StarterContent/Content/StarterContent/Textures/T_Concrete_Poured_D.uasset" to "../../../../../../Users/KatjaP/Documents/GitHub/ProjectCrimson/PCrimson/Content/StarterContent/Textures/T_Concrete_Poured_D.uasset"
[2017.07.30-20.05.07:375][  0]LogPackFactory: Copied "../../../Samples/StarterContent/Content/StarterContent/Textures/T_Concrete_Poured_N.uasset" to "../../../../../../Users/KatjaP/Documents/GitHub/ProjectCrimson/PCrimson/Content/StarterContent/Textures/T_Concrete_Poured_N.uasset"
[2017.07.30-20.05.07:473][  0]LogPackFactory: Copied "../../../Samples/StarterContent/Content/StarterContent/Textures/T_Concrete_Tiles_D.uasset" to "../../../../../../Users/KatjaP/Documents/GitHub/ProjectCrimson/PCrimson/Content/StarterContent/Textures/T_Concrete_Tiles_D.uasset"
[2017.07.30-20.05.07:569][  0]LogPackFactory: Copied "../../../Samples/StarterContent/Content/StarterContent/Textures/T_Concrete_Tiles_M.uasset" to "../../../../../../Users/KatjaP/Documents/GitHub/ProjectCrimson/PCrimson/Content/StarterContent/Textures/T_Concrete_Tiles_M.uasset"
[2017.07.30-20.05.07:706][  0]LogPackFactory: Copied "../../../Samples/StarterContent/Content/StarterContent/Textures/T_Concrete_Tiles_N.uasset" to "../../../../../../Users/KatjaP/Documents/GitHub/ProjectCrimson/PCrimson/Content/StarterContent/Textures/T_Concrete_Tiles_N.uasset"
[2017.07.30-20.05.07:723][  0]LogPackFactory: Copied "../../../Samples/StarterContent/Content/StarterContent/Textures/T_Concrete_Tiles_Variation_M.uasset" to "../../../../../../Users/KatjaP/Documents/GitHub/ProjectCrimson/PCrimson/Content/StarterContent/Textures/T_Concrete_Tiles_Variation_M.uasset"
[2017.07.30-20.05.07:779][  0]LogPackFactory: Copied "../../../Samples/StarterContent/Content/StarterContent/Textures/T_Detail_Rocky_N.uasset" to "../../../../../../Users/KatjaP/Documents/GitHub/ProjectCrimson/PCrimson/Content/StarterContent/Textures/T_Detail_Rocky_N.uasset"
[2017.07.30-20.05.07:803][  0]LogPackFactory: Copied "../../../Samples/StarterContent/Content/StarterContent/Textures/T_Door_M.uasset" to "../../../../../../Users/KatjaP/Documents/GitHub/ProjectCrimson/PCrimson/Content/StarterContent/Textures/T_Door_M.uasset"
[2017.07.30-20.05.07:966][  0]LogPackFactory: Copied "../../../Samples/StarterContent/Content/StarterContent/Textures/T_Door_N.uasset" to "../../../../../../Users/KatjaP/Documents/GitHub/ProjectCrimson/PCrimson/Content/StarterContent/Textures/T_Door_N.uasset"
[2017.07.30-20.05.07:991][  0]LogPackFactory: Copied "../../../Samples/StarterContent/Content/StarterContent/Textures/T_Dust_Particle_D.uasset" to "../../../../../../Users/KatjaP/Documents/GitHub/ProjectCrimson/PCrimson/Content/StarterContent/Textures/T_Dust_Particle_D.uasset"
[2017.07.30-20.05.08:047][  0]LogPackFactory: Copied "../../../Samples/StarterContent/Content/StarterContent/Textures/T_Explosion_SubUV.uasset" to "../../../../../../Users/KatjaP/Documents/GitHub/ProjectCrimson/PCrimson/Content/StarterContent/Textures/T_Explosion_SubUV.uasset"
[2017.07.30-20.05.08:072][  0]LogPackFactory: Copied "../../../Samples/StarterContent/Content/StarterContent/Textures/T_Fire_SubUV.uasset" to "../../../../../../Users/KatjaP/Documents/GitHub/ProjectCrimson/PCrimson/Content/StarterContent/Textures/T_Fire_SubUV.uasset"
[2017.07.30-20.05.08:128][  0]LogPackFactory: Copied "../../../Samples/StarterContent/Content/StarterContent/Textures/T_Fire_Tiled_D.uasset" to "../../../../../../Users/KatjaP/Documents/GitHub/ProjectCrimson/PCrimson/Content/StarterContent/Textures/T_Fire_Tiled_D.uasset"
[2017.07.30-20.05.08:205][  0]LogPackFactory: Copied "../../../Samples/StarterContent/Content/StarterContent/Textures/T_Frame_M.uasset" to "../../../../../../Users/KatjaP/Documents/GitHub/ProjectCrimson/PCrimson/Content/StarterContent/Textures/T_Frame_M.uasset"
[2017.07.30-20.05.08:238][  0]LogPackFactory: Copied "../../../Samples/StarterContent/Content/StarterContent/Textures/T_Frame_N.uasset" to "../../../../../../Users/KatjaP/Documents/GitHub/ProjectCrimson/PCrimson/Content/StarterContent/Textures/T_Frame_N.uasset"
[2017.07.30-20.05.08:365][  0]LogPackFactory: Copied "../../../Samples/StarterContent/Content/StarterContent/Textures/T_Gradinet_01.uasset" to "../../../../../../Users/KatjaP/Documents/GitHub/ProjectCrimson/PCrimson/Content/StarterContent/Textures/T_Gradinet_01.uasset"
[2017.07.30-20.05.10:253][  0]LogPackFactory: Copied "../../../Samples/StarterContent/Content/StarterContent/Textures/T_Ground_Grass_D.uasset" to "../../../../../../Users/KatjaP/Documents/GitHub/ProjectCrimson/PCrimson/Content/StarterContent/Textures/T_Ground_Grass_D.uasset"
[2017.07.30-20.05.10:430][  0]LogPackFactory: Copied "../../../Samples/StarterContent/Content/StarterContent/Textures/T_Ground_Grass_N.uasset" to "../../../../../../Users/KatjaP/Documents/GitHub/ProjectCrimson/PCrimson/Content/StarterContent/Textures/T_Ground_Grass_N.uasset"
[2017.07.30-20.05.10:607][  0]LogPackFactory: Copied "../../../Samples/StarterContent/Content/StarterContent/Textures/T_Ground_Gravel_D.uasset" to "../../../../../../Users/KatjaP/Documents/GitHub/ProjectCrimson/PCrimson/Content/StarterContent/Textures/T_Ground_Gravel_D.uasset"
[2017.07.30-20.05.10:743][  0]LogPackFactory: Copied "../../../Samples/StarterContent/Content/StarterContent/Textures/T_Ground_Gravel_N.uasset" to "../../../../../../Users/KatjaP/Documents/GitHub/ProjectCrimson/PCrimson/Content/StarterContent/Textures/T_Ground_Gravel_N.uasset"
[2017.07.30-20.05.10:946][  0]LogPackFactory: Copied "../../../Samples/StarterContent/Content/StarterContent/Textures/T_ground_Moss_D.uasset" to "../../../../../../Users/KatjaP/Documents/GitHub/ProjectCrimson/PCrimson/Content/StarterContent/Textures/T_ground_Moss_D.uasset"
[2017.07.30-20.05.13:878][  0]LogPackFactory: Copied "../../../Samples/StarterContent/Content/StarterContent/Textures/T_Ground_Moss_N.uasset" to "../../../../../../Users/KatjaP/Documents/GitHub/ProjectCrimson/PCrimson/Content/StarterContent/Textures/T_Ground_Moss_N.uasset"
[2017.07.30-20.05.13:910][  0]LogPackFactory: Copied "../../../Samples/StarterContent/Content/StarterContent/Textures/T_Lamp_M.uasset" to "../../../../../../Users/KatjaP/Documents/GitHub/ProjectCrimson/PCrimson/Content/StarterContent/Textures/T_Lamp_M.uasset"
[2017.07.30-20.05.14:010][  0]LogPackFactory: Copied "../../../Samples/StarterContent/Content/StarterContent/Textures/T_Lamp_N.uasset" to "../../../../../../Users/KatjaP/Documents/GitHub/ProjectCrimson/PCrimson/Content/StarterContent/Textures/T_Lamp_N.uasset"
[2017.07.30-20.05.14:282][  0]LogPackFactory: Copied "../../../Samples/StarterContent/Content/StarterContent/Textures/T_MacroVariation.uasset" to "../../../../../../Users/KatjaP/Documents/GitHub/ProjectCrimson/PCrimson/Content/StarterContent/Textures/T_MacroVariation.uasset"
[2017.07.30-20.05.14:410][  0]LogPackFactory: Copied "../../../Samples/StarterContent/Content/StarterContent/Textures/T_Metal_Aluminum_D.uasset" to "../../../../../../Users/KatjaP/Documents/GitHub/ProjectCrimson/PCrimson/Content/StarterContent/Textures/T_Metal_Aluminum_D.uasset"
[2017.07.30-20.05.14:524][  0]LogPackFactory: Copied "../../../Samples/StarterContent/Content/StarterContent/Textures/T_Metal_Copper_D.uasset" to "../../../../../../Users/KatjaP/Documents/GitHub/ProjectCrimson/PCrimson/Content/StarterContent/Textures/T_Metal_Copper_D.uasset"
[2017.07.30-20.05.14:650][  0]LogPackFactory: Copied "../../../Samples/StarterContent/Content/StarterContent/Textures/T_Metal_Gold_D.uasset" to "../../../../../../Users/KatjaP/Documents/GitHub/ProjectCrimson/PCrimson/Content/StarterContent/Textures/T_Metal_Gold_D.uasset"
[2017.07.30-20.05.16:516][  0]LogPackFactory: Copied "../../../Samples/StarterContent/Content/StarterContent/Textures/T_Metal_Gold_N.uasset" to "../../../../../../Users/KatjaP/Documents/GitHub/ProjectCrimson/PCrimson/Content/StarterContent/Textures/T_Metal_Gold_N.uasset"
[2017.07.30-20.05.18:789][  0]LogPackFactory: Copied "../../../Samples/StarterContent/Content/StarterContent/Textures/T_Metal_Rust_D.uasset" to "../../../../../../Users/KatjaP/Documents/GitHub/ProjectCrimson/PCrimson/Content/StarterContent/Textures/T_Metal_Rust_D.uasset"
[2017.07.30-20.05.19:012][  0]LogPackFactory: Copied "../../../Samples/StarterContent/Content/StarterContent/Textures/T_Metal_Rust_N.uasset" to "../../../../../../Users/KatjaP/Documents/GitHub/ProjectCrimson/PCrimson/Content/StarterContent/Textures/T_Metal_Rust_N.uasset"
[2017.07.30-20.05.19:108][  0]LogPackFactory: Copied "../../../Samples/StarterContent/Content/StarterContent/Textures/T_Metal_Steel_D.uasset" to "../../../../../../Users/KatjaP/Documents/GitHub/ProjectCrimson/PCrimson/Content/StarterContent/Textures/T_Metal_Steel_D.uasset"
[2017.07.30-20.05.19:227][  0]LogPackFactory: Copied "../../../Samples/StarterContent/Content/StarterContent/Textures/T_Metal_Steel_N.uasset" to "../../../../../../Users/KatjaP/Documents/GitHub/ProjectCrimson/PCrimson/Content/StarterContent/Textures/T_Metal_Steel_N.uasset"
[2017.07.30-20.05.19:372][  0]LogPackFactory: Copied "../../../Samples/StarterContent/Content/StarterContent/Textures/T_Perlin_Noise_M.uasset" to "../../../../../../Users/KatjaP/Documents/GitHub/ProjectCrimson/PCrimson/Content/StarterContent/Textures/T_Perlin_Noise_M.uasset"
[2017.07.30-20.05.19:446][  0]LogPackFactory: Copied "../../../Samples/StarterContent/Content/StarterContent/Textures/T_RockMesh_M.uasset" to "../../../../../../Users/KatjaP/Documents/GitHub/ProjectCrimson/PCrimson/Content/StarterContent/Textures/T_RockMesh_M.uasset"
[2017.07.30-20.05.19:873][  0]LogPackFactory: Copied "../../../Samples/StarterContent/Content/StarterContent/Textures/T_RockMesh_N.uasset" to "../../../../../../Users/KatjaP/Documents/GitHub/ProjectCrimson/PCrimson/Content/StarterContent/Textures/T_RockMesh_N.uasset"
[2017.07.30-20.05.20:311][  0]LogPackFactory: Copied "../../../Samples/StarterContent/Content/StarterContent/Textures/T_Rock_Basalt_D.uasset" to "../../../../../../Users/KatjaP/Documents/GitHub/ProjectCrimson/PCrimson/Content/StarterContent/Textures/T_Rock_Basalt_D.uasset"
[2017.07.30-20.05.20:429][  0]LogPackFactory: Copied "../../../Samples/StarterContent/Content/StarterContent/Textures/T_Rock_Basalt_N.uasset" to "../../../../../../Users/KatjaP/Documents/GitHub/ProjectCrimson/PCrimson/Content/StarterContent/Textures/T_Rock_Basalt_N.uasset"
[2017.07.30-20.05.20:524][  0]LogPackFactory: Copied "../../../Samples/StarterContent/Content/StarterContent/Textures/T_Rock_Marble_Polished_D.uasset" to "../../../../../../Users/KatjaP/Documents/GitHub/ProjectCrimson/PCrimson/Content/StarterContent/Textures/T_Rock_Marble_Polished_D.uasset"
[2017.07.30-20.05.20:655][  0]LogPackFactory: Copied "../../../Samples/StarterContent/Content/StarterContent/Textures/T_Rock_Sandstone_D.uasset" to "../../../../../../Users/KatjaP/Documents/GitHub/ProjectCrimson/PCrimson/Content/StarterContent/Textures/T_Rock_Sandstone_D.uasset"
[2017.07.30-20.05.20:845][  0]LogPackFactory: Copied "../../../Samples/StarterContent/Content/StarterContent/Textures/T_Rock_Sandstone_N.uasset" to "../../../../../../Users/KatjaP/Documents/GitHub/ProjectCrimson/PCrimson/Content/StarterContent/Textures/T_Rock_Sandstone_N.uasset"
[2017.07.30-20.05.22:530][  0]LogPackFactory: Copied "../../../Samples/StarterContent/Content/StarterContent/Textures/T_Rock_Slate_D.uasset" to "../../../../../../Users/KatjaP/Documents/GitHub/ProjectCrimson/PCrimson/Content/StarterContent/Textures/T_Rock_Slate_D.uasset"
[2017.07.30-20.05.22:662][  0]LogPackFactory: Copied "../../../Samples/StarterContent/Content/StarterContent/Textures/T_Rock_Slate_N.uasset" to "../../../../../../Users/KatjaP/Documents/GitHub/ProjectCrimson/PCrimson/Content/StarterContent/Textures/T_Rock_Slate_N.uasset"
[2017.07.30-20.05.22:809][  0]LogPackFactory: Copied "../../../Samples/StarterContent/Content/StarterContent/Textures/T_Rock_Smooth_Granite_D.uasset" to "../../../../../../Users/KatjaP/Documents/GitHub/ProjectCrimson/PCrimson/Content/StarterContent/Textures/T_Rock_Smooth_Granite_D.uasset"
[2017.07.30-20.05.22:887][  0]LogPackFactory: Copied "../../../Samples/StarterContent/Content/StarterContent/Textures/T_Shelf_M.uasset" to "../../../../../../Users/KatjaP/Documents/GitHub/ProjectCrimson/PCrimson/Content/StarterContent/Textures/T_Shelf_M.uasset"
[2017.07.30-20.05.22:947][  0]LogPackFactory: Copied "../../../Samples/StarterContent/Content/StarterContent/Textures/T_Shelf_N.uasset" to "../../../../../../Users/KatjaP/Documents/GitHub/ProjectCrimson/PCrimson/Content/StarterContent/Textures/T_Shelf_N.uasset"
[2017.07.30-20.05.22:969][  0]LogPackFactory: Copied "../../../Samples/StarterContent/Content/StarterContent/Textures/T_Single_Tile_N.uasset" to "../../../../../../Users/KatjaP/Documents/GitHub/ProjectCrimson/PCrimson/Content/StarterContent/Textures/T_Single_Tile_N.uasset"
[2017.07.30-20.05.23:029][  0]LogPackFactory: Copied "../../../Samples/StarterContent/Content/StarterContent/Textures/T_Smoke_SubUV.uasset" to "../../../../../../Users/KatjaP/Documents/GitHub/ProjectCrimson/PCrimson/Content/StarterContent/Textures/T_Smoke_SubUV.uasset"
[2017.07.30-20.05.23:083][  0]LogPackFactory: Copied "../../../Samples/StarterContent/Content/StarterContent/Textures/T_Smoke_Tiled_D.uasset" to "../../../../../../Users/KatjaP/Documents/GitHub/ProjectCrimson/PCrimson/Content/StarterContent/Textures/T_Smoke_Tiled_D.uasset"
[2017.07.30-20.05.23:104][  0]LogPackFactory: Copied "../../../Samples/StarterContent/Content/StarterContent/Textures/T_Spark_Core.uasset" to "../../../../../../Users/KatjaP/Documents/GitHub/ProjectCrimson/PCrimson/Content/StarterContent/Textures/T_Spark_Core.uasset"
[2017.07.30-20.05.23:126][  0]LogPackFactory: Copied "../../../Samples/StarterContent/Content/StarterContent/Textures/T_Statue_M.uasset" to "../../../../../../Users/KatjaP/Documents/GitHub/ProjectCrimson/PCrimson/Content/StarterContent/Textures/T_Statue_M.uasset"
[2017.07.30-20.05.23:152][  0]LogPackFactory: Copied "../../../Samples/StarterContent/Content/StarterContent/Textures/T_Statue_N.uasset" to "../../../../../../Users/KatjaP/Documents/GitHub/ProjectCrimson/PCrimson/Content/StarterContent/Textures/T_Statue_N.uasset"
[2017.07.30-20.05.23:178][  0]LogPackFactory: Copied "../../../Samples/StarterContent/Content/StarterContent/Textures/T_TableRound_M.uasset" to "../../../../../../Users/KatjaP/Documents/GitHub/ProjectCrimson/PCrimson/Content/StarterContent/Textures/T_TableRound_M.uasset"
[2017.07.30-20.05.23:232][  0]LogPackFactory: Copied "../../../Samples/StarterContent/Content/StarterContent/Textures/T_TableRound_N.uasset" to "../../../../../../Users/KatjaP/Documents/GitHub/ProjectCrimson/PCrimson/Content/StarterContent/Textures/T_TableRound_N.uasset"
[2017.07.30-20.05.23:251][  0]LogPackFactory: Copied "../../../Samples/StarterContent/Content/StarterContent/Textures/T_Tech_Dot_M.uasset" to "../../../../../../Users/KatjaP/Documents/GitHub/ProjectCrimson/PCrimson/Content/StarterContent/Textures/T_Tech_Dot_M.uasset"
[2017.07.30-20.05.23:269][  0]LogPackFactory: Copied "../../../Samples/StarterContent/Content/StarterContent/Textures/T_Tech_Dot_N.uasset" to "../../../../../../Users/KatjaP/Documents/GitHub/ProjectCrimson/PCrimson/Content/StarterContent/Textures/T_Tech_Dot_N.uasset"
[2017.07.30-20.05.23:332][  0]LogPackFactory: Copied "../../../Samples/StarterContent/Content/StarterContent/Textures/T_Tech_Hex_Tile_M.uasset" to "../../../../../../Users/KatjaP/Documents/GitHub/ProjectCrimson/PCrimson/Content/StarterContent/Textures/T_Tech_Hex_Tile_M.uasset"
[2017.07.30-20.05.23:389][  0]LogPackFactory: Copied "../../../Samples/StarterContent/Content/StarterContent/Textures/T_Tech_Hex_Tile_N.uasset" to "../../../../../../Users/KatjaP/Documents/GitHub/ProjectCrimson/PCrimson/Content/StarterContent/Textures/T_Tech_Hex_Tile_N.uasset"
[2017.07.30-20.05.23:418][  0]LogPackFactory: Copied "../../../Samples/StarterContent/Content/StarterContent/Textures/T_Tech_Panel_M.uasset" to "../../../../../../Users/KatjaP/Documents/GitHub/ProjectCrimson/PCrimson/Content/StarterContent/Textures/T_Tech_Panel_M.uasset"
[2017.07.30-20.05.23:456][  0]LogPackFactory: Copied "../../../Samples/StarterContent/Content/StarterContent/Textures/T_Tech_Panel_N.uasset" to "../../../../../../Users/KatjaP/Documents/GitHub/ProjectCrimson/PCrimson/Content/StarterContent/Textures/T_Tech_Panel_N.uasset"
[2017.07.30-20.05.23:522][  0]LogPackFactory: Copied "../../../Samples/StarterContent/Content/StarterContent/Textures/T_Water_M.uasset" to "../../../../../../Users/KatjaP/Documents/GitHub/ProjectCrimson/PCrimson/Content/StarterContent/Textures/T_Water_M.uasset"
[2017.07.30-20.05.24:708][  0]LogPackFactory: Copied "../../../Samples/StarterContent/Content/StarterContent/Textures/T_Water_N.uasset" to "../../../../../../Users/KatjaP/Documents/GitHub/ProjectCrimson/PCrimson/Content/StarterContent/Textures/T_Water_N.uasset"
[2017.07.30-20.05.24:807][  0]LogPackFactory: Copied "../../../Samples/StarterContent/Content/StarterContent/Textures/T_Wood_Floor_Walnut_D.uasset" to "../../../../../../Users/KatjaP/Documents/GitHub/ProjectCrimson/PCrimson/Content/StarterContent/Textures/T_Wood_Floor_Walnut_D.uasset"
[2017.07.30-20.05.24:882][  0]LogPackFactory: Copied "../../../Samples/StarterContent/Content/StarterContent/Textures/T_Wood_Floor_Walnut_M.uasset" to "../../../../../../Users/KatjaP/Documents/GitHub/ProjectCrimson/PCrimson/Content/StarterContent/Textures/T_Wood_Floor_Walnut_M.uasset"
[2017.07.30-20.05.25:393][  0]LogPackFactory: Copied "../../../Samples/StarterContent/Content/StarterContent/Textures/T_Wood_Floor_Walnut_N.uasset" to "../../../../../../Users/KatjaP/Documents/GitHub/ProjectCrimson/PCrimson/Content/StarterContent/Textures/T_Wood_Floor_Walnut_N.uasset"
[2017.07.30-20.05.25:492][  0]LogPackFactory: Copied "../../../Samples/StarterContent/Content/StarterContent/Textures/T_Wood_Oak_D.uasset" to "../../../../../../Users/KatjaP/Documents/GitHub/ProjectCrimson/PCrimson/Content/StarterContent/Textures/T_Wood_Oak_D.uasset"
[2017.07.30-20.05.25:621][  0]LogPackFactory: Copied "../../../Samples/StarterContent/Content/StarterContent/Textures/T_Wood_Oak_N.uasset" to "../../../../../../Users/KatjaP/Documents/GitHub/ProjectCrimson/PCrimson/Content/StarterContent/Textures/T_Wood_Oak_N.uasset"
[2017.07.30-20.05.25:764][  0]LogPackFactory: Copied "../../../Samples/StarterContent/Content/StarterContent/Textures/T_Wood_Pine_D.uasset" to "../../../../../../Users/KatjaP/Documents/GitHub/ProjectCrimson/PCrimson/Content/StarterContent/Textures/T_Wood_Pine_D.uasset"
[2017.07.30-20.05.25:860][  0]LogPackFactory: Copied "../../../Samples/StarterContent/Content/StarterContent/Textures/T_Wood_Pine_N.uasset" to "../../../../../../Users/KatjaP/Documents/GitHub/ProjectCrimson/PCrimson/Content/StarterContent/Textures/T_Wood_Pine_N.uasset"
[2017.07.30-20.05.26:071][  0]LogPackFactory: Copied "../../../Samples/StarterContent/Content/StarterContent/Textures/T_Wood_Walnut_D.uasset" to "../../../../../../Users/KatjaP/Documents/GitHub/ProjectCrimson/PCrimson/Content/StarterContent/Textures/T_Wood_Walnut_D.uasset"
[2017.07.30-20.05.26:232][  0]LogPackFactory: Copied "../../../Samples/StarterContent/Content/StarterContent/Textures/T_Wood_Walnut_N.uasset" to "../../../../../../Users/KatjaP/Documents/GitHub/ProjectCrimson/PCrimson/Content/StarterContent/Textures/T_Wood_Walnut_N.uasset"
[2017.07.30-20.05.31:491][  0]LogRenderer: Reallocating scene render targets to support 256x256 NumSamples 1 (Frame:1).
[2017.07.30-20.05.35:147][  0]LogSavePackage: Save=236.44ms
[2017.07.30-20.05.35:148][  0]LogSavePackage: Moving '../../../../../../Users/KatjaP/Documents/GitHub/ProjectCrimson/PCrimson/Saved/Floor_400x4008D313414439760D3212184A88579BF15.tmp' to '../../../../../../Users/KatjaP/Documents/GitHub/ProjectCrimson/PCrimson/Content/StarterContent/Architecture/Floor_400x400.uasset'
[2017.07.30-20.05.35:236][  0]LogSavePackage:Display: Finished SavePackage ../../../../../../Users/KatjaP/Documents/GitHub/ProjectCrimson/PCrimson/Content/StarterContent/Architecture/Floor_400x400.uasset
[2017.07.30-20.05.35:236][  0]LogFeaturePack:Warning: Inserted 1 feature packs
[2017.07.30-20.05.35:295][  0]Cmd: MAP LOAD FILE="../../../../../../Users/KatjaP/Documents/GitHub/ProjectCrimson/PCrimson/Content/ThirdPersonBP/Maps/ThirdPersonExampleMap.umap" TEMPLATE=0 SHOWPROGRESS=1 FEATURELEVEL=2
[2017.07.30-20.05.35:313][  0]LightingResults: New page: Lighting Build
[2017.07.30-20.05.38:156][  0]MapCheck: New page: Map Check
[2017.07.30-20.05.38:156][  0]LightingResults: New page: Lighting Build
[2017.07.30-20.05.45:723][  0]LogAIModule: Creating AISystem for world ThirdPersonExampleMap
[2017.07.30-20.05.47:531][  0]LogEditorServer: Finished looking for orphan Actors (0.010 secs)
[2017.07.30-20.05.47:979][  0]Cmd: MAP CHECKDEP NOCLEARLOG
[2017.07.30-20.05.48:512][  0]MapCheck: Info Map check complete: 0 Error(s), 0 Warning(s), took 520.876ms to complete.
[2017.07.30-20.05.48:512][  0]LogFileHelpers: Loading map 'ThirdPersonExampleMap' took 13.239
[2017.07.30-20.05.53:211][  0]LogCollectionManager: Loaded 0 collections in 0.005213 seconds
[2017.07.30-20.05.53:988][  0]LogFileCache: Scanning file cache for directory 'C:/Users/KatjaP/Documents/GitHub/ProjectCrimson/PCrimson/Saved/Collections/' took 0.01s
[2017.07.30-20.05.53:988][  0]LogFileCache: Scanning file cache for directory 'C:/Users/KatjaP/Documents/GitHub/ProjectCrimson/PCrimson/Content/Developers/KatjaP/Collections/' took 0.01s
[2017.07.30-20.05.53:988][  0]LogFileCache: Scanning file cache for directory 'C:/Users/KatjaP/Documents/GitHub/ProjectCrimson/PCrimson/Content/Collections/' took 0.01s
[2017.07.30-20.05.53:988][  0]LogCollectionManager: Rebuilt the GUID cache for 0 collections in 0.000003 seconds
[2017.07.30-20.05.54:041][  0]LogContentBrowser: Native class hierarchy populated in 0.0392 seconds. Added 2329 classes and 491 folders.
[2017.07.30-20.05.54:634][  0]LogContentBrowser: Native class hierarchy updated for 'WidgetCarousel' in 0.0014 seconds. Added 0 classes and 0 folders.
[2017.07.30-20.05.57:926][  0]LogContentBrowser: Native class hierarchy updated for 'AddContentDialog' in 0.0014 seconds. Added 0 classes and 0 folders.
[2017.07.30-20.06.00:564][  0]LogContentBrowser: Native class hierarchy updated for 'SceneOutliner' in 0.0015 seconds. Added 1 classes and 2 folders.
[2017.07.30-20.06.01:844][  0]LogCrashTracker: Crashtracker disabled due to settings.
[2017.07.30-20.06.02:260][  0]LogSlate: Took 0.007797 seconds to synchronously load lazily loaded font '../../../Engine/Content/Slate/Fonts/Roboto-Regular.ttf' (155K)
[2017.07.30-20.06.02:365][  0]LogSlate: Took 0.017217 seconds to synchronously load lazily loaded font '../../../Engine/Content/Slate/Fonts/Roboto-Bold.ttf' (160K)
[2017.07.30-20.06.02:672][  0]LogSlate: Took 0.075625 seconds to synchronously load lazily loaded font '../../../Engine/Content/Editor/Slate/Fonts/FontAwesome.ttf' (139K)
[2017.07.30-20.06.03:789][  0]LogRenderer: Reallocating scene render targets to support 856x372 NumSamples 1 (Frame:1).
[2017.07.30-20.06.05:917][  0]LogSlate: Took 0.018061 seconds to synchronously load lazily loaded font '../../../Engine/Content/Slate/Fonts/Roboto-Light.ttf' (159K)
[2017.07.30-20.06.06:660][  0]LogUObjectGlobals:Warning: Failed to find object 'Class None.'
[2017.07.30-20.06.07:010][  0]LogContentBrowser: Native class hierarchy updated for 'HierarchicalLODOutliner' in 0.0013 seconds. Added 1 classes and 2 folders.
[2017.07.30-20.06.07:011][  0]LogLoad: (Engine Initialization) Total time: 280.82 seconds
[2017.07.30-20.06.07:011][  0]LogLoad: (Engine Initialization) Total Blueprint compile time: 1.74 seconds
[2017.07.30-20.06.07:011][  0]LogExternalProfiler: No external profilers were discovered.  External profiling features will not be available.
[2017.07.30-20.06.07:641][  0]LogOcInput: OculusInput pre-init called
[2017.07.30-20.06.07:648][  0]LogHMD: Starting GearVRController plugin
[2017.07.30-20.06.12:422][  0]LogContentStreaming: Texture pool size now 1000 MB
[2017.07.30-20.06.14:558][  4]LogAssetRegistry: Asset discovery search completed in 216.8021 seconds
[2017.07.30-20.06.14:632][  4]LogCollectionManager: Rebuilt the object cache for 0 collections in 0.000002 seconds (found 0 objects)
[2017.07.30-20.06.14:632][  4]LogCollectionManager: Fixed up redirectors for 0 collections in 0.020102 seconds (updated 0 objects)
[2017.07.30-20.11.29:930][943]SourceControl: Info On branch master
[2017.07.30-20.11.29:930][943]SourceControl: Info Your branch is behind 'origin/master' by 1 commit, and can be fast-forwarded.
[2017.07.30-20.11.29:930][943]SourceControl: Info   (use "git pull" to update your local branch)
[2017.07.30-20.11.29:930][943]SourceControl: Info Untracked files:
[2017.07.30-20.11.29:930][943]SourceControl: Info   (use "git add <file>..." to include in what will be committed)
[2017.07.30-20.11.29:930][943]SourceControl: Info 	PCrimson/
[2017.07.30-20.11.29:930][943]SourceControl: Info nothing added to commit but untracked files present (use "git add" to track)
[2017.07.30-20.11.58:854][115]SourceControl: Info fatal: C:/Program Files/Epic Games/UE_4.16/Engine/Content/: 'C:/Program Files/Epic Games/UE_4.16/Engine/Content/' is outside repository
[2017.07.30-20.12.02:139][115]LogPackageName:Error: Illegal call to DoesPackageExist: '../../../../../../Users/KatjaP/Documents/GitHub/ProjectCrimson/PCrimson/PCrimson.uproject' is not a standard unreal filename or a long path name. Reason: Path should be no less than 4 characters long.
[2017.07.30-20.12.03:569][115]LogStats: FPlatformStackWalk::StackWalkAndDump -  1.415 s
[2017.07.30-20.12.03:569][115]LogOutputDevice:Error: === Handled ensure: ===
[2017.07.30-20.12.03:569][115]LogOutputDevice:Error: 
[2017.07.30-20.12.03:569][115]LogOutputDevice:Error: Ensure condition failed: false [File:D:\Build\++UE4+Release-4.16+Compile\Sync\Engine\Source\Runtime\CoreUObject\Private\Misc\PackageName.cpp] [Line: 674]
[2017.07.30-20.12.03:569][115]LogOutputDevice:Error: Illegal call to DoesPackageExist: '../../../../../../Users/KatjaP/Documents/GitHub/ProjectCrimson/PCrimson/PCrimson.uproject' is not a standard unreal filename or a long path name. Reason: Path should be no less than 4 characters long.
[2017.07.30-20.12.03:569][115]LogOutputDevice:Error: Stack: 
[2017.07.30-20.12.03:569][115]LogOutputDevice:Error: UE4Editor-Core.dll!0x00000000C3FAE256
[2017.07.30-20.12.03:569][115]LogOutputDevice:Error: UE4Editor-Core.dll!0x00000000C3D5B862
[2017.07.30-20.12.03:569][115]LogOutputDevice:Error: UE4Editor-Core.dll!0x00000000C3D71E26
[2017.07.30-20.12.03:569][115]LogOutputDevice:Error: UE4Editor-CoreUObject.dll!0x00000000C363E884
[2017.07.30-20.12.03:569][115]LogOutputDevice:Error: UE4Editor-SourceControl.dll!0x00000000BA5A5EC2
[2017.07.30-20.12.03:569][115]LogOutputDevice:Error: UE4Editor-SourceControl.dll!0x00000000BA5A6057
[2017.07.30-20.12.03:569][115]LogOutputDevice:Error: UE4Editor-SourceControlWindows.dll!0x00000000B063390E
[2017.07.30-20.12.03:569][115]LogOutputDevice:Error: UE4Editor-SourceControlWindows.dll!0x00000000B05F03C5
[2017.07.30-20.12.03:569][115]LogOutputDevice:Error: UE4Editor-SourceControlWindows.dll!0x00000000B05EF99D
[2017.07.30-20.12.03:569][115]LogOutputDevice:Error: UE4Editor-SourceControlWindows.dll!0x00000000B0604114
[2017.07.30-20.12.03:569][115]LogOutputDevice:Error: UE4Editor-GitSourceControl.dll!0x00000000AE9C0549
[2017.07.30-20.12.03:570][115]LogOutputDevice:Error: UE4Editor-SourceControl.dll!0x00000000BA5AA9AC
[2017.07.30-20.12.03:570][115]LogOutputDevice:Error: UE4Editor-UnrealEd.dll!0x00000000BE5C408F
[2017.07.30-20.12.03:570][115]LogOutputDevice:Error: UE4Editor-UnrealEd.dll!0x00000000BEDE8D76
[2017.07.30-20.12.03:570][115]LogOutputDevice:Error: UE4Editor.exe!0x00000000F6EAE2B2
[2017.07.30-20.12.03:570][115]LogOutputDevice:Error: UE4Editor.exe!0x00000000F6E9F0B0
[2017.07.30-20.12.03:570][115]LogOutputDevice:Error: UE4Editor.exe!0x00000000F6E9F12A
[2017.07.30-20.12.03:570][115]LogOutputDevice:Error: UE4Editor.exe!0x00000000F6EB0CF9
[2017.07.30-20.12.03:570][115]LogOutputDevice:Error: UE4Editor.exe!0x00000000F6EB25F7
[2017.07.30-20.12.03:570][115]LogOutputDevice:Error: KERNEL32.DLL!0x0000000000AE8364
[2017.07.30-20.12.03:570][115]LogOutputDevice:Error: ntdll.dll!0x0000000002DB70D1
[2017.07.30-20.12.03:570][115]LogOutputDevice:Error: 
[2017.07.30-20.12.03:580][115]LogStats:                SubmitErrorReport -  0.000 s
[2017.07.30-20.12.18:551][115]LogStats:                    SendNewReport - 14.971 s
[2017.07.30-20.12.18:552][115]LogStats:             FDebug::EnsureFailed - 16.413 s
[2017.07.30-20.13.29:908][115]LogSourceControl: FGitCheckInWorker: commit successful
[2017.07.30-20.13.30:314][115]SourceControl: Info [master c10a446] project created
[2017.07.30-20.13.30:314][115]SourceControl: Info  2 files changed, 6 insertions(+)
[2017.07.30-20.13.30:314][115]SourceControl: Info  create mode 100644 PCrimson/Content/ThirdPersonBP/ThirdPersonOverview.uasset
[2017.07.30-20.13.30:314][115]SourceControl: Info  create mode 100644 PCrimson/PCrimson.uproject
[2017.07.30-20.13.30:323][115]SourceControl: Info Commited [master c10a446] project created.
